This is pdfTeX, Version 3.141592653-2.6-1.40.24 (TeX Live 2022) (preloaded format=pdflatex 2022.5.4)  7 AUG 2024 11:40
entering extended mode
 restricted \write18 enabled.
 %&-line parsing enabled.
**_main.tex
(./_main.tex
LaTeX2e <2021-11-15> patch level 1
L3 programming layer <2022-02-24> (/usr/local/texlive/2022/texmf-dist/tex/latex
/base/book.cls
Document Class: book 2021/10/04 v1.4n Standard LaTeX document class
(/usr/local/texlive/2022/texmf-dist/tex/latex/base/bk10.clo
File: bk10.clo 2021/10/04 v1.4n Standard LaTeX file (size option)
)
\c@part=\count185
\c@chapter=\count186
\c@section=\count187
\c@subsection=\count188
\c@subsubsection=\count189
\c@paragraph=\count190
\c@subparagraph=\count191
\c@figure=\count192
\c@table=\count193
\abovecaptionskip=\skip47
\belowcaptionskip=\skip48
\bibindent=\dimen138
) (/usr/local/texlive/2022/texmf-dist/tex/latex/amsmath/amsmath.sty
Package: amsmath 2021/10/15 v2.17l AMS math features
\@mathmargin=\skip49
For additional information on amsmath, use the `?' option.
(/usr/local/texlive/2022/texmf-dist/tex/latex/amsmath/amstext.sty
Package: amstext 2021/08/26 v2.01 AMS text
(/usr/local/texlive/2022/texmf-dist/tex/latex/amsmath/amsgen.sty
File: amsgen.sty 1999/11/30 v2.0 generic functions
\@emptytoks=\toks16
\ex@=\dimen139
)) (/usr/local/texlive/2022/texmf-dist/tex/latex/amsmath/amsbsy.sty
Package: amsbsy 1999/11/29 v1.2d Bold Symbols
\pmbraise@=\dimen140
) (/usr/local/texlive/2022/texmf-dist/tex/latex/amsmath/amsopn.sty
Package: amsopn 2021/08/26 v2.02 operator names
)
\inf@bad=\count194
LaTeX Info: Redefining \frac on input line 234.
\uproot@=\count195
\leftroot@=\count196
LaTeX Info: Redefining \overline on input line 399.
\classnum@=\count197
\DOTSCASE@=\count198
LaTeX Info: Redefining \ldots on input line 496.
LaTeX Info: Redefining \dots on input line 499.
LaTeX Info: Redefining \cdots on input line 620.
\Mathstrutbox@=\box50
\strutbox@=\box51
\big@size=\dimen141
LaTeX Font Info:    Redeclaring font encoding OML on input line 743.
LaTeX Font Info:    Redeclaring font encoding OMS on input line 744.
\macc@depth=\count199
\c@MaxMatrixCols=\count266
\dotsspace@=\muskip16
\c@parentequation=\count267
\dspbrk@lvl=\count268
\tag@help=\toks17
\row@=\count269
\column@=\count270
\maxfields@=\count271
\andhelp@=\toks18
\eqnshift@=\dimen142
\alignsep@=\dimen143
\tagshift@=\dimen144
\tagwidth@=\dimen145
\totwidth@=\dimen146
\lineht@=\dimen147
\@envbody=\toks19
\multlinegap=\skip50
\multlinetaggap=\skip51
\mathdisplay@stack=\toks20
LaTeX Info: Redefining \[ on input line 2938.
LaTeX Info: Redefining \] on input line 2939.
) (/usr/local/texlive/2022/texmf-dist/tex/latex/amsfonts/amssymb.sty
Package: amssymb 2013/01/14 v3.01 AMS font symbols
(/usr/local/texlive/2022/texmf-dist/tex/latex/amsfonts/amsfonts.sty
Package: amsfonts 2013/01/14 v3.01 Basic AMSFonts support
\symAMSa=\mathgroup4
\symAMSb=\mathgroup5
LaTeX Font Info:    Redeclaring math symbol \hbar on input line 98.
LaTeX Font Info:    Overwriting math alphabet `\mathfrak' in version `bold'
(Font)                  U/euf/m/n --> U/euf/b/n on input line 106.
)) (/usr/local/texlive/2022/texmf-dist/tex/generic/iftex/iftex.sty
Package: iftex 2022/02/03 v1.0f TeX engine tests
) (/usr/local/texlive/2022/texmf-dist/tex/latex/base/fontenc.sty
Package: fontenc 2021/04/29 v2.0v Standard LaTeX package
) (/usr/local/texlive/2022/texmf-dist/tex/latex/base/inputenc.sty
Package: inputenc 2021/02/14 v1.3d Input encoding file
\inpenc@prehook=\toks21
\inpenc@posthook=\toks22
) (/usr/local/texlive/2022/texmf-dist/tex/latex/base/textcomp.sty
Package: textcomp 2020/02/02 v2.0n Standard LaTeX package
) (/usr/local/texlive/2022/texmf-dist/tex/latex/lm/lmodern.sty
Package: lmodern 2015/05/01 v1.6.1 Latin Modern Fonts
LaTeX Font Info:    Overwriting symbol font `operators' in version `normal'
(Font)                  OT1/cmr/m/n --> OT1/lmr/m/n on input line 22.
LaTeX Font Info:    Overwriting symbol font `letters' in version `normal'
(Font)                  OML/cmm/m/it --> OML/lmm/m/it on input line 23.
LaTeX Font Info:    Overwriting symbol font `symbols' in version `normal'
(Font)                  OMS/cmsy/m/n --> OMS/lmsy/m/n on input line 24.
LaTeX Font Info:    Overwriting symbol font `largesymbols' in version `normal'
(Font)                  OMX/cmex/m/n --> OMX/lmex/m/n on input line 25.
LaTeX Font Info:    Overwriting symbol font `operators' in version `bold'
(Font)                  OT1/cmr/bx/n --> OT1/lmr/bx/n on input line 26.
LaTeX Font Info:    Overwriting symbol font `letters' in version `bold'
(Font)                  OML/cmm/b/it --> OML/lmm/b/it on input line 27.
LaTeX Font Info:    Overwriting symbol font `symbols' in version `bold'
(Font)                  OMS/cmsy/b/n --> OMS/lmsy/b/n on input line 28.
LaTeX Font Info:    Overwriting symbol font `largesymbols' in version `bold'
(Font)                  OMX/cmex/m/n --> OMX/lmex/m/n on input line 29.
LaTeX Font Info:    Overwriting math alphabet `\mathbf' in version `normal'
(Font)                  OT1/cmr/bx/n --> OT1/lmr/bx/n on input line 31.
LaTeX Font Info:    Overwriting math alphabet `\mathsf' in version `normal'
(Font)                  OT1/cmss/m/n --> OT1/lmss/m/n on input line 32.
LaTeX Font Info:    Overwriting math alphabet `\mathit' in version `normal'
(Font)                  OT1/cmr/m/it --> OT1/lmr/m/it on input line 33.
LaTeX Font Info:    Overwriting math alphabet `\mathtt' in version `normal'
(Font)                  OT1/cmtt/m/n --> OT1/lmtt/m/n on input line 34.
LaTeX Font Info:    Overwriting math alphabet `\mathbf' in version `bold'
(Font)                  OT1/cmr/bx/n --> OT1/lmr/bx/n on input line 35.
LaTeX Font Info:    Overwriting math alphabet `\mathsf' in version `bold'
(Font)                  OT1/cmss/bx/n --> OT1/lmss/bx/n on input line 36.
LaTeX Font Info:    Overwriting math alphabet `\mathit' in version `bold'
(Font)                  OT1/cmr/bx/it --> OT1/lmr/bx/it on input line 37.
LaTeX Font Info:    Overwriting math alphabet `\mathtt' in version `bold'
(Font)                  OT1/cmtt/m/n --> OT1/lmtt/m/n on input line 38.
) (/usr/local/texlive/2022/texmf-dist/tex/latex/upquote/upquote.sty
Package: upquote 2012/04/19 v1.3 upright-quote and grave-accent glyphs in verba
tim
) (/usr/local/texlive/2022/texmf-dist/tex/latex/microtype/microtype.sty
Package: microtype 2022/03/14 v3.0d Micro-typographical refinements (RS)
(/usr/local/texlive/2022/texmf-dist/tex/latex/graphics/keyval.sty
Package: keyval 2014/10/28 v1.15 key=value parser (DPC)
\KV@toks@=\toks23
) (/usr/local/texlive/2022/texmf-dist/tex/latex/etoolbox/etoolbox.sty
Package: etoolbox 2020/10/05 v2.5k e-TeX tools for LaTeX (JAW)
\etb@tempcnta=\count272
)
\MT@toks=\toks24
\MT@tempbox=\box52
\MT@count=\count273
LaTeX Info: Redefining \noprotrusionifhmode on input line 1027.
LaTeX Info: Redefining \leftprotrusion on input line 1028.
LaTeX Info: Redefining \rightprotrusion on input line 1036.
LaTeX Info: Redefining \textls on input line 1195.
\MT@outer@kern=\dimen148
LaTeX Info: Redefining \textmicrotypecontext on input line 1781.
\MT@listname@count=\count274
(/usr/local/texlive/2022/texmf-dist/tex/latex/microtype/microtype-pdftex.def
File: microtype-pdftex.def 2022/03/14 v3.0d Definitions specific to pdftex (RS)

LaTeX Info: Redefining \lsstyle on input line 900.
LaTeX Info: Redefining \lslig on input line 900.
\MT@outer@space=\skip52
)
Package microtype Info: Loading configuration file microtype.cfg.
(/usr/local/texlive/2022/texmf-dist/tex/latex/microtype/microtype.cfg
File: microtype.cfg 2022/03/14 v3.0d microtype main configuration file (RS)
)) (/usr/local/texlive/2022/texmf-dist/tex/latex/parskip/parskip.sty
Package: parskip 2021-03-14 v2.0h non-zero parskip adjustments
(/usr/local/texlive/2022/texmf-dist/tex/latex/kvoptions/kvoptions.sty
Package: kvoptions 2020-10-07 v3.14 Key value format for package options (HO)
(/usr/local/texlive/2022/texmf-dist/tex/generic/ltxcmds/ltxcmds.sty
Package: ltxcmds 2020-05-10 v1.25 LaTeX kernel commands for general use (HO)
) (/usr/local/texlive/2022/texmf-dist/tex/generic/kvsetkeys/kvsetkeys.sty
Package: kvsetkeys 2019/12/15 v1.18 Key value parser (HO)
))) (/usr/local/texlive/2022/texmf-dist/tex/latex/xcolor/xcolor.sty
Package: xcolor 2021/10/31 v2.13 LaTeX color extensions (UK)
(/usr/local/texlive/2022/texmf-dist/tex/latex/graphics-cfg/color.cfg
File: color.cfg 2016/01/02 v1.6 sample color configuration
)
Package xcolor Info: Driver file: pdftex.def on input line 227.
(/usr/local/texlive/2022/texmf-dist/tex/latex/graphics-def/pdftex.def
File: pdftex.def 2020/10/05 v1.2a Graphics/color driver for pdftex
)
Package xcolor Info: Model `cmy' substituted by `cmy0' on input line 1352.
Package xcolor Info: Model `hsb' substituted by `rgb' on input line 1356.
Package xcolor Info: Model `RGB' extended on input line 1368.
Package xcolor Info: Model `HTML' substituted by `rgb' on input line 1370.
Package xcolor Info: Model `Hsb' substituted by `hsb' on input line 1371.
Package xcolor Info: Model `tHsb' substituted by `hsb' on input line 1372.
Package xcolor Info: Model `HSB' substituted by `hsb' on input line 1373.
Package xcolor Info: Model `Gray' substituted by `gray' on input line 1374.
Package xcolor Info: Model `wave' substituted by `hsb' on input line 1375.
(/usr/local/texlive/2022/texmf-dist/tex/latex/graphics/dvipsnam.def
File: dvipsnam.def 2016/06/17 v3.0m Driver-dependent file (DPC,SPQR)
) (/usr/local/texlive/2022/texmf-dist/tex/latex/xcolor/svgnam.def
File: svgnam.def 2021/10/31 v2.13 Predefined colors according to SVG 1.1 (UK)
) (/usr/local/texlive/2022/texmf-dist/tex/latex/xcolor/x11nam.def
File: x11nam.def 2021/10/31 v2.13 Predefined colors according to Unix/X11 (UK)
)) (/usr/local/texlive/2022/texmf-dist/tex/latex/fancyvrb/fancyvrb.sty
Package: fancyvrb 2021/12/21 4.1b verbatim text (tvz,hv)
\FV@CodeLineNo=\count275
\FV@InFile=\read2
\FV@TabBox=\box53
\c@FancyVerbLine=\count276
\FV@StepNumber=\count277
\FV@OutFile=\write3
) (/usr/local/texlive/2022/texmf-dist/tex/latex/framed/framed.sty
Package: framed 2011/10/22 v 0.96: framed or shaded text with page breaks
\OuterFrameSep=\skip53
\fb@frw=\dimen149
\fb@frh=\dimen150
\FrameRule=\dimen151
\FrameSep=\dimen152
) (/usr/local/texlive/2022/texmf-dist/tex/latex/tools/longtable.sty
Package: longtable 2021-09-01 v4.17 Multi-page Table package (DPC)
\LTleft=\skip54
\LTright=\skip55
\LTpre=\skip56
\LTpost=\skip57
\LTchunksize=\count278
\LTcapwidth=\dimen153
\LT@head=\box54
\LT@firsthead=\box55
\LT@foot=\box56
\LT@lastfoot=\box57
\LT@gbox=\box58
\LT@cols=\count279
\LT@rows=\count280
\c@LT@tables=\count281
\c@LT@chunks=\count282
\LT@p@ftn=\toks25
) (/usr/local/texlive/2022/texmf-dist/tex/latex/booktabs/booktabs.sty
Package: booktabs 2020/01/12 v1.61803398 Publication quality tables
\heavyrulewidth=\dimen154
\lightrulewidth=\dimen155
\cmidrulewidth=\dimen156
\belowrulesep=\dimen157
\belowbottomsep=\dimen158
\aboverulesep=\dimen159
\abovetopsep=\dimen160
\cmidrulesep=\dimen161
\cmidrulekern=\dimen162
\defaultaddspace=\dimen163
\@cmidla=\count283
\@cmidlb=\count284
\@aboverulesep=\dimen164
\@belowrulesep=\dimen165
\@thisruleclass=\count285
\@lastruleclass=\count286
\@thisrulewidth=\dimen166
) (/usr/local/texlive/2022/texmf-dist/tex/latex/tools/array.sty
Package: array 2021/10/04 v2.5f Tabular extension package (FMi)
\col@sep=\dimen167
\ar@mcellbox=\box59
\extrarowheight=\dimen168
\NC@list=\toks26
\extratabsurround=\skip58
\backup@length=\skip59
\ar@cellbox=\box60
) (/usr/local/texlive/2022/texmf-dist/tex/latex/tools/calc.sty
Package: calc 2017/05/25 v4.3 Infix arithmetic (KKT,FJ)
\calc@Acount=\count287
\calc@Bcount=\count288
\calc@Adimen=\dimen169
\calc@Bdimen=\dimen170
\calc@Askip=\skip60
\calc@Bskip=\skip61
LaTeX Info: Redefining \setlength on input line 80.
LaTeX Info: Redefining \addtolength on input line 81.
\calc@Ccount=\count289
\calc@Cskip=\skip62
) (/usr/local/texlive/2022/texmf-dist/tex/latex/footnotehyper/footnotehyper.sty
Package: footnotehyper 2021/08/13 v1.1e hyperref aware footnote.sty (JFB)
\FNH@notes=\box61
\FNH@width=\dimen171
\FNH@toks=\toks27
) (/usr/local/texlive/2022/texmf-dist/tex/latex/graphics/graphicx.sty
Package: graphicx 2021/09/16 v1.2d Enhanced LaTeX Graphics (DPC,SPQR)
(/usr/local/texlive/2022/texmf-dist/tex/latex/graphics/graphics.sty
Package: graphics 2021/03/04 v1.4d Standard LaTeX Graphics (DPC,SPQR)
(/usr/local/texlive/2022/texmf-dist/tex/latex/graphics/trig.sty
Package: trig 2021/08/11 v1.11 sin cos tan (DPC)
) (/usr/local/texlive/2022/texmf-dist/tex/latex/graphics-cfg/graphics.cfg
File: graphics.cfg 2016/06/04 v1.11 sample graphics configuration
)
Package graphics Info: Driver file: pdftex.def on input line 107.
)
\Gin@req@height=\dimen172
\Gin@req@width=\dimen173
)
\cslhangindent=\skip63
\csllabelwidth=\skip64
(/usr/local/texlive/2022/texmf-dist/tex/latex/comment/comment.sty
\CommentStream=\write4
Excluding comment 'comment') (/usr/local/texlive/2022/texmf-dist/tex/latex/geom
etry/geometry.sty
Package: geometry 2020/01/02 v5.9 Page Geometry
(/usr/local/texlive/2022/texmf-dist/tex/generic/iftex/ifvtex.sty
Package: ifvtex 2019/10/25 v1.7 ifvtex legacy package. Use iftex instead.
)
\Gm@cnth=\count290
\Gm@cntv=\count291
\c@Gm@tempcnt=\count292
\Gm@bindingoffset=\dimen174
\Gm@wd@mp=\dimen175
\Gm@odd@mp=\dimen176
\Gm@even@mp=\dimen177
\Gm@layoutwidth=\dimen178
\Gm@layoutheight=\dimen179
\Gm@layouthoffset=\dimen180
\Gm@layoutvoffset=\dimen181
\Gm@dimlist=\toks28
) (/usr/local/texlive/2022/texmf-dist/tex/latex/listings/listings.sty
\lst@mode=\count293
\lst@gtempboxa=\box62
\lst@token=\toks29
\lst@length=\count294
\lst@currlwidth=\dimen182
\lst@column=\count295
\lst@pos=\count296
\lst@lostspace=\dimen183
\lst@width=\dimen184
\lst@newlines=\count297
\lst@lineno=\count298
\lst@maxwidth=\dimen185
(/usr/local/texlive/2022/texmf-dist/tex/latex/listings/lstmisc.sty
File: lstmisc.sty 2020/03/24 1.8d (Carsten Heinz)
\c@lstnumber=\count299
\lst@skipnumbers=\count300
\lst@framebox=\box63
) (/usr/local/texlive/2022/texmf-dist/tex/latex/listings/listings.cfg
File: listings.cfg 2020/03/24 1.8d listings configuration
))
Package: listings 2020/03/24 1.8d (Carsten Heinz)
(/usr/local/texlive/2022/texmf-dist/tex/latex/tcolorbox/tcolorbox.sty
Package: tcolorbox 2022/01/07 version 5.0.2 text color boxes
(/usr/local/texlive/2022/texmf-dist/tex/latex/pgf/basiclayer/pgf.sty (/usr/loca
l/texlive/2022/texmf-dist/tex/latex/pgf/utilities/pgfrcs.sty
(/usr/local/texlive/2022/texmf-dist/tex/generic/pgf/utilities/pgfutil-common.te
x
\pgfutil@everybye=\toks30
\pgfutil@tempdima=\dimen186
\pgfutil@tempdimb=\dimen187

(/usr/local/texlive/2022/texmf-dist/tex/generic/pgf/utilities/pgfutil-common-li
sts.tex))
(/usr/local/texlive/2022/texmf-dist/tex/generic/pgf/utilities/pgfutil-latex.def
\pgfutil@abb=\box64
) (/usr/local/texlive/2022/texmf-dist/tex/generic/pgf/utilities/pgfrcs.code.tex
(/usr/local/texlive/2022/texmf-dist/tex/generic/pgf/pgf.revision.tex)
Package: pgfrcs 2021/05/15 v3.1.9a (3.1.9a)
))
Package: pgf 2021/05/15 v3.1.9a (3.1.9a)
(/usr/local/texlive/2022/texmf-dist/tex/latex/pgf/basiclayer/pgfcore.sty (/usr/
local/texlive/2022/texmf-dist/tex/latex/pgf/systemlayer/pgfsys.sty
(/usr/local/texlive/2022/texmf-dist/tex/generic/pgf/systemlayer/pgfsys.code.tex
Package: pgfsys 2021/05/15 v3.1.9a (3.1.9a)
(/usr/local/texlive/2022/texmf-dist/tex/generic/pgf/utilities/pgfkeys.code.tex
\pgfkeys@pathtoks=\toks31
\pgfkeys@temptoks=\toks32

(/usr/local/texlive/2022/texmf-dist/tex/generic/pgf/utilities/pgfkeysfiltered.c
ode.tex
\pgfkeys@tmptoks=\toks33
))
\pgf@x=\dimen188
\pgf@y=\dimen189
\pgf@xa=\dimen190
\pgf@ya=\dimen191
\pgf@xb=\dimen192
\pgf@yb=\dimen193
\pgf@xc=\dimen194
\pgf@yc=\dimen195
\pgf@xd=\dimen196
\pgf@yd=\dimen197
\w@pgf@writea=\write5
\r@pgf@reada=\read3
\c@pgf@counta=\count301
\c@pgf@countb=\count302
\c@pgf@countc=\count303
\c@pgf@countd=\count304
\t@pgf@toka=\toks34
\t@pgf@tokb=\toks35
\t@pgf@tokc=\toks36
\pgf@sys@id@count=\count305
(/usr/local/texlive/2022/texmf-dist/tex/generic/pgf/systemlayer/pgf.cfg
File: pgf.cfg 2021/05/15 v3.1.9a (3.1.9a)
)
Driver file for pgf: pgfsys-pdftex.def

(/usr/local/texlive/2022/texmf-dist/tex/generic/pgf/systemlayer/pgfsys-pdftex.d
ef
File: pgfsys-pdftex.def 2021/05/15 v3.1.9a (3.1.9a)

(/usr/local/texlive/2022/texmf-dist/tex/generic/pgf/systemlayer/pgfsys-common-p
df.def
File: pgfsys-common-pdf.def 2021/05/15 v3.1.9a (3.1.9a)
)))
(/usr/local/texlive/2022/texmf-dist/tex/generic/pgf/systemlayer/pgfsyssoftpath.
code.tex
File: pgfsyssoftpath.code.tex 2021/05/15 v3.1.9a (3.1.9a)
\pgfsyssoftpath@smallbuffer@items=\count306
\pgfsyssoftpath@bigbuffer@items=\count307
)
(/usr/local/texlive/2022/texmf-dist/tex/generic/pgf/systemlayer/pgfsysprotocol.
code.tex
File: pgfsysprotocol.code.tex 2021/05/15 v3.1.9a (3.1.9a)
))
(/usr/local/texlive/2022/texmf-dist/tex/generic/pgf/basiclayer/pgfcore.code.tex
Package: pgfcore 2021/05/15 v3.1.9a (3.1.9a)
(/usr/local/texlive/2022/texmf-dist/tex/generic/pgf/math/pgfmath.code.tex (/usr
/local/texlive/2022/texmf-dist/tex/generic/pgf/math/pgfmathcalc.code.tex (/usr/
local/texlive/2022/texmf-dist/tex/generic/pgf/math/pgfmathutil.code.tex)
(/usr/local/texlive/2022/texmf-dist/tex/generic/pgf/math/pgfmathparser.code.tex
\pgfmath@dimen=\dimen198
\pgfmath@count=\count308
\pgfmath@box=\box65
\pgfmath@toks=\toks37
\pgfmath@stack@operand=\toks38
\pgfmath@stack@operation=\toks39
)
(/usr/local/texlive/2022/texmf-dist/tex/generic/pgf/math/pgfmathfunctions.code.
tex
(/usr/local/texlive/2022/texmf-dist/tex/generic/pgf/math/pgfmathfunctions.basic
.code.tex)
(/usr/local/texlive/2022/texmf-dist/tex/generic/pgf/math/pgfmathfunctions.trigo
nometric.code.tex)
(/usr/local/texlive/2022/texmf-dist/tex/generic/pgf/math/pgfmathfunctions.rando
m.code.tex)
(/usr/local/texlive/2022/texmf-dist/tex/generic/pgf/math/pgfmathfunctions.compa
rison.code.tex)
(/usr/local/texlive/2022/texmf-dist/tex/generic/pgf/math/pgfmathfunctions.base.
code.tex)
(/usr/local/texlive/2022/texmf-dist/tex/generic/pgf/math/pgfmathfunctions.round
.code.tex)
(/usr/local/texlive/2022/texmf-dist/tex/generic/pgf/math/pgfmathfunctions.misc.
code.tex)
(/usr/local/texlive/2022/texmf-dist/tex/generic/pgf/math/pgfmathfunctions.integ
erarithmetics.code.tex))) (/usr/local/texlive/2022/texmf-dist/tex/generic/pgf/m
ath/pgfmathfloat.code.tex
\c@pgfmathroundto@lastzeros=\count309
)) (/usr/local/texlive/2022/texmf-dist/tex/generic/pgf/math/pgfint.code.tex)
(/usr/local/texlive/2022/texmf-dist/tex/generic/pgf/basiclayer/pgfcorepoints.co
de.tex
File: pgfcorepoints.code.tex 2021/05/15 v3.1.9a (3.1.9a)
\pgf@picminx=\dimen199
\pgf@picmaxx=\dimen256
\pgf@picminy=\dimen257
\pgf@picmaxy=\dimen258
\pgf@pathminx=\dimen259
\pgf@pathmaxx=\dimen260
\pgf@pathminy=\dimen261
\pgf@pathmaxy=\dimen262
\pgf@xx=\dimen263
\pgf@xy=\dimen264
\pgf@yx=\dimen265
\pgf@yy=\dimen266
\pgf@zx=\dimen267
\pgf@zy=\dimen268
)
(/usr/local/texlive/2022/texmf-dist/tex/generic/pgf/basiclayer/pgfcorepathconst
ruct.code.tex
File: pgfcorepathconstruct.code.tex 2021/05/15 v3.1.9a (3.1.9a)
\pgf@path@lastx=\dimen269
\pgf@path@lasty=\dimen270
)
(/usr/local/texlive/2022/texmf-dist/tex/generic/pgf/basiclayer/pgfcorepathusage
.code.tex
File: pgfcorepathusage.code.tex 2021/05/15 v3.1.9a (3.1.9a)
\pgf@shorten@end@additional=\dimen271
\pgf@shorten@start@additional=\dimen272
)
(/usr/local/texlive/2022/texmf-dist/tex/generic/pgf/basiclayer/pgfcorescopes.co
de.tex
File: pgfcorescopes.code.tex 2021/05/15 v3.1.9a (3.1.9a)
\pgfpic=\box66
\pgf@hbox=\box67
\pgf@layerbox@main=\box68
\pgf@picture@serial@count=\count310
)
(/usr/local/texlive/2022/texmf-dist/tex/generic/pgf/basiclayer/pgfcoregraphicst
ate.code.tex
File: pgfcoregraphicstate.code.tex 2021/05/15 v3.1.9a (3.1.9a)
\pgflinewidth=\dimen273
)
(/usr/local/texlive/2022/texmf-dist/tex/generic/pgf/basiclayer/pgfcoretransform
ations.code.tex
File: pgfcoretransformations.code.tex 2021/05/15 v3.1.9a (3.1.9a)
\pgf@pt@x=\dimen274
\pgf@pt@y=\dimen275
\pgf@pt@temp=\dimen276
)
(/usr/local/texlive/2022/texmf-dist/tex/generic/pgf/basiclayer/pgfcorequick.cod
e.tex
File: pgfcorequick.code.tex 2021/05/15 v3.1.9a (3.1.9a)
)
(/usr/local/texlive/2022/texmf-dist/tex/generic/pgf/basiclayer/pgfcoreobjects.c
ode.tex
File: pgfcoreobjects.code.tex 2021/05/15 v3.1.9a (3.1.9a)
)
(/usr/local/texlive/2022/texmf-dist/tex/generic/pgf/basiclayer/pgfcorepathproce
ssing.code.tex
File: pgfcorepathprocessing.code.tex 2021/05/15 v3.1.9a (3.1.9a)
)
(/usr/local/texlive/2022/texmf-dist/tex/generic/pgf/basiclayer/pgfcorearrows.co
de.tex
File: pgfcorearrows.code.tex 2021/05/15 v3.1.9a (3.1.9a)
\pgfarrowsep=\dimen277
)
(/usr/local/texlive/2022/texmf-dist/tex/generic/pgf/basiclayer/pgfcoreshade.cod
e.tex
File: pgfcoreshade.code.tex 2021/05/15 v3.1.9a (3.1.9a)
\pgf@max=\dimen278
\pgf@sys@shading@range@num=\count311
\pgf@shadingcount=\count312
)
(/usr/local/texlive/2022/texmf-dist/tex/generic/pgf/basiclayer/pgfcoreimage.cod
e.tex
File: pgfcoreimage.code.tex 2021/05/15 v3.1.9a (3.1.9a)

(/usr/local/texlive/2022/texmf-dist/tex/generic/pgf/basiclayer/pgfcoreexternal.
code.tex
File: pgfcoreexternal.code.tex 2021/05/15 v3.1.9a (3.1.9a)
\pgfexternal@startupbox=\box69
))
(/usr/local/texlive/2022/texmf-dist/tex/generic/pgf/basiclayer/pgfcorelayers.co
de.tex
File: pgfcorelayers.code.tex 2021/05/15 v3.1.9a (3.1.9a)
)
(/usr/local/texlive/2022/texmf-dist/tex/generic/pgf/basiclayer/pgfcoretranspare
ncy.code.tex
File: pgfcoretransparency.code.tex 2021/05/15 v3.1.9a (3.1.9a)
)
(/usr/local/texlive/2022/texmf-dist/tex/generic/pgf/basiclayer/pgfcorepatterns.
code.tex
File: pgfcorepatterns.code.tex 2021/05/15 v3.1.9a (3.1.9a)
)
(/usr/local/texlive/2022/texmf-dist/tex/generic/pgf/basiclayer/pgfcorerdf.code.
tex
File: pgfcorerdf.code.tex 2021/05/15 v3.1.9a (3.1.9a)
)))
(/usr/local/texlive/2022/texmf-dist/tex/generic/pgf/modules/pgfmoduleshapes.cod
e.tex
File: pgfmoduleshapes.code.tex 2021/05/15 v3.1.9a (3.1.9a)
\pgfnodeparttextbox=\box70
)
(/usr/local/texlive/2022/texmf-dist/tex/generic/pgf/modules/pgfmoduleplot.code.
tex
File: pgfmoduleplot.code.tex 2021/05/15 v3.1.9a (3.1.9a)
)
(/usr/local/texlive/2022/texmf-dist/tex/latex/pgf/compatibility/pgfcomp-version
-0-65.sty
Package: pgfcomp-version-0-65 2021/05/15 v3.1.9a (3.1.9a)
\pgf@nodesepstart=\dimen279
\pgf@nodesepend=\dimen280
)
(/usr/local/texlive/2022/texmf-dist/tex/latex/pgf/compatibility/pgfcomp-version
-1-18.sty
Package: pgfcomp-version-1-18 2021/05/15 v3.1.9a (3.1.9a)
)) (/usr/local/texlive/2022/texmf-dist/tex/latex/tools/verbatim.sty
Package: verbatim 2020-07-07 v1.5u LaTeX2e package for verbatim enhancements
\every@verbatim=\toks40
\verbatim@line=\toks41
\verbatim@in@stream=\read4
) (/usr/local/texlive/2022/texmf-dist/tex/latex/environ/environ.sty
Package: environ 2014/05/04 v0.3 A new way to define environments
(/usr/local/texlive/2022/texmf-dist/tex/latex/trimspaces/trimspaces.sty
Package: trimspaces 2009/09/17 v1.1 Trim spaces around a token list
))
\tcb@titlebox=\box71
\tcb@upperbox=\box72
\tcb@lowerbox=\box73
\tcb@phantombox=\box74
\c@tcbbreakpart=\count313
\c@tcblayer=\count314
\c@tcolorbox@number=\count315
\tcb@temp=\box75
\tcb@temp=\box76
\tcb@temp=\box77
\tcb@temp=\box78
(/usr/local/texlive/2022/texmf-dist/tex/latex/tcolorbox/tcbraster.code.tex
Library (tcolorbox): 'tcbraster.code.tex' version '5.0.2'
\c@tcbrastercolumn=\count316
\c@tcbrasterrow=\count317
\c@tcbrasternum=\count318
\c@tcbraster=\count319
) (/usr/local/texlive/2022/texmf-dist/tex/latex/tcolorbox/tcbskins.code.tex
Library (tcolorbox): 'tcbskins.code.tex' version '5.0.2'
(/usr/local/texlive/2022/texmf-dist/tex/latex/pgf/frontendlayer/tikz.sty (/usr/
local/texlive/2022/texmf-dist/tex/latex/pgf/utilities/pgffor.sty (/usr/local/te
xlive/2022/texmf-dist/tex/latex/pgf/utilities/pgfkeys.sty (/usr/local/texlive/2
022/texmf-dist/tex/generic/pgf/utilities/pgfkeys.code.tex)) (/usr/local/texlive
/2022/texmf-dist/tex/latex/pgf/math/pgfmath.sty (/usr/local/texlive/2022/texmf-
dist/tex/generic/pgf/math/pgfmath.code.tex)) (/usr/local/texlive/2022/texmf-dis
t/tex/generic/pgf/utilities/pgffor.code.tex
Package: pgffor 2021/05/15 v3.1.9a (3.1.9a)
(/usr/local/texlive/2022/texmf-dist/tex/generic/pgf/math/pgfmath.code.tex)
\pgffor@iter=\dimen281
\pgffor@skip=\dimen282
\pgffor@stack=\toks42
\pgffor@toks=\toks43
))
(/usr/local/texlive/2022/texmf-dist/tex/generic/pgf/frontendlayer/tikz/tikz.cod
e.tex
Package: tikz 2021/05/15 v3.1.9a (3.1.9a)

(/usr/local/texlive/2022/texmf-dist/tex/generic/pgf/libraries/pgflibraryplothan
dlers.code.tex
File: pgflibraryplothandlers.code.tex 2021/05/15 v3.1.9a (3.1.9a)
\pgf@plot@mark@count=\count320
\pgfplotmarksize=\dimen283
)
\tikz@lastx=\dimen284
\tikz@lasty=\dimen285
\tikz@lastxsaved=\dimen286
\tikz@lastysaved=\dimen287
\tikz@lastmovetox=\dimen288
\tikz@lastmovetoy=\dimen289
\tikzleveldistance=\dimen290
\tikzsiblingdistance=\dimen291
\tikz@figbox=\box79
\tikz@figbox@bg=\box80
\tikz@tempbox=\box81
\tikz@tempbox@bg=\box82
\tikztreelevel=\count321
\tikznumberofchildren=\count322
\tikznumberofcurrentchild=\count323
\tikz@fig@count=\count324

(/usr/local/texlive/2022/texmf-dist/tex/generic/pgf/modules/pgfmodulematrix.cod
e.tex
File: pgfmodulematrix.code.tex 2021/05/15 v3.1.9a (3.1.9a)
\pgfmatrixcurrentrow=\count325
\pgfmatrixcurrentcolumn=\count326
\pgf@matrix@numberofcolumns=\count327
)
\tikz@expandcount=\count328

(/usr/local/texlive/2022/texmf-dist/tex/generic/pgf/frontendlayer/tikz/librarie
s/tikzlibrarytopaths.code.tex
File: tikzlibrarytopaths.code.tex 2021/05/15 v3.1.9a (3.1.9a)
)))
\tcb@waterbox=\box83

(/usr/local/texlive/2022/texmf-dist/tex/latex/tcolorbox/tcbskinsjigsaw.code.tex
Library (tcolorbox): 'tcbskinsjigsaw.code.tex' version '5.0.2'
)) (/usr/local/texlive/2022/texmf-dist/tex/latex/tcolorbox/tcbbreakable.code.te
x
Library (tcolorbox): 'tcbbreakable.code.tex' version '5.0.2'
(/usr/local/texlive/2022/texmf-dist/tex/generic/oberdiek/pdfcol.sty
Package: pdfcol 2019/12/29 v1.6 Handle new color stacks for pdfTeX (HO)
(/usr/local/texlive/2022/texmf-dist/tex/generic/infwarerr/infwarerr.sty
Package: infwarerr 2019/12/03 v1.5 Providing info/warning/error messages (HO)
))
Package pdfcol Info: New color stack `tcb@breakable' = 1 on input line 23.
\tcb@testbox=\box84
\tcb@totalupperbox=\box85
\tcb@totallowerbox=\box86
) (/usr/local/texlive/2022/texmf-dist/tex/latex/tcolorbox/tcbhooks.code.tex
Library (tcolorbox): 'tcbhooks.code.tex' version '5.0.2'
) (/usr/local/texlive/2022/texmf-dist/tex/latex/tcolorbox/tcbtheorems.code.tex
Library (tcolorbox): 'tcbtheorems.code.tex' version '5.0.2'
) (/usr/local/texlive/2022/texmf-dist/tex/latex/tcolorbox/tcbfitting.code.tex
Library (tcolorbox): 'tcbfitting.code.tex' version '5.0.2'
\tcbfitdim=\dimen292
\tcb@lowerfitdim=\dimen293
\tcb@upperfitdim=\dimen294
\tcb@cur@hbadness=\count329
) (/usr/local/texlive/2022/texmf-dist/tex/latex/tcolorbox/tcbxparse.code.tex
Library (tcolorbox): 'tcbxparse.code.tex' version '5.0.2'
(/usr/local/texlive/2022/texmf-dist/tex/latex/l3packages/xparse/xparse.sty (/us
r/local/texlive/2022/texmf-dist/tex/latex/l3kernel/expl3.sty
Package: expl3 2022-02-24 L3 programming layer (loader) 
(/usr/local/texlive/2022/texmf-dist/tex/latex/l3backend/l3backend-pdftex.def
File: l3backend-pdftex.def 2022-02-07 L3 backend support: PDF output (pdfTeX)
\l__color_backend_stack_int=\count330
\l__pdf_internal_box=\box87
))
Package: xparse 2022-01-12 L3 Experimental document command parser
))
(/usr/local/texlive/2022/texmf-dist/tex/latex/tcolorbox/tcblistingsutf8.code.te
x
Library (tcolorbox): 'tcblistingsutf8.code.tex' version '5.0.2'
(/usr/local/texlive/2022/texmf-dist/tex/latex/tcolorbox/tcblistings.code.tex
Library (tcolorbox): 'tcblistings.code.tex' version '5.0.2'

(/usr/local/texlive/2022/texmf-dist/tex/latex/tcolorbox/tcblistingscore.code.te
x
Library (tcolorbox): 'tcblistingscore.code.tex' version '5.0.2'
(/usr/local/texlive/2022/texmf-dist/tex/latex/tcolorbox/tcbprocessing.code.tex
Library (tcolorbox): 'tcbprocessing.code.tex' version '5.0.2'
(/usr/local/texlive/2022/texmf-dist/tex/generic/pdftexcmds/pdftexcmds.sty
Package: pdftexcmds 2020-06-27 v0.33 Utility functions of pdfTeX for LuaTeX (HO
)
Package pdftexcmds Info: \pdf@primitive is available.
Package pdftexcmds Info: \pdf@ifprimitive is available.
Package pdftexcmds Info: \pdfdraftmode found.
) (/usr/local/texlive/2022/texmf-dist/tex/latex/tools/shellesc.sty
Package: shellesc 2019/11/08 v1.0c unified shell escape interface for LaTeX
Package shellesc Info: Restricted shell escape enabled on input line 77.
))
\c@tcblisting=\count331
)) (/usr/local/texlive/2022/texmf-dist/tex/latex/listingsutf8/listingsutf8.sty
Package: listingsutf8 2019-12-10 v1.5 Allow UTF-8 in listings input (HO)
(/usr/local/texlive/2022/texmf-dist/tex/generic/stringenc/stringenc.sty
Package: stringenc 2019/11/29 v1.12 Convert strings between diff. encodings (HO
)
(/usr/local/texlive/2022/texmf-dist/tex/generic/pdfescape/pdfescape.sty
Package: pdfescape 2019/12/09 v1.15 Implements pdfTeX's escape features (HO)
)))) (/usr/local/texlive/2022/texmf-dist/tex/latex/tcolorbox/tcbexternal.code.t
ex
Library (tcolorbox): 'tcbexternal.code.tex' version '5.0.2'
) (/usr/local/texlive/2022/texmf-dist/tex/latex/tcolorbox/tcbmagazine.code.tex
Library (tcolorbox): 'tcbmagazine.code.tex' version '5.0.2'
) (/usr/local/texlive/2022/texmf-dist/tex/latex/tcolorbox/tcbvignette.code.tex
Library (tcolorbox): 'tcbvignette.code.tex' version '5.0.2'

(/usr/local/texlive/2022/texmf-dist/tex/generic/pgf/frontendlayer/tikz/librarie
s/tikzlibraryfadings.code.tex
File: tikzlibraryfadings.code.tex 2021/05/15 v3.1.9a (3.1.9a)

(/usr/local/texlive/2022/texmf-dist/tex/generic/pgf/libraries/pgflibraryfadings
.code.tex
File: pgflibraryfadings.code.tex 2021/05/15 v3.1.9a (3.1.9a)
))) (/usr/local/texlive/2022/texmf-dist/tex/latex/tcolorbox/tcbposter.code.tex
Library (tcolorbox): 'tcbposter.code.tex' version '5.0.2'
))
*geometry* verbose mode - [ newgeometry ] result:
* driver: 
* paper: <default>
* layout: <same size as paper>
* layoutoffset:(h,v)=(0.0pt,0.0pt)
* modes: twoside 
* h-part:(L,W,R)=(72.26999pt, 469.75502pt, 72.26999pt)
* v-part:(T,H,B)=(72.26999pt, 650.43001pt, 72.26999pt)
* \paperwidth=614.295pt
* \paperheight=794.96999pt
* \textwidth=469.75502pt
* \textheight=650.43001pt
* \oddsidemargin=0.0pt
* \evensidemargin=0.0pt
* \topmargin=-30.06749pt
* \headheight=12.0pt
* \headsep=18.06749pt
* \topskip=10.0pt
* \footskip=25.29494pt
* \marginparwidth=125.0pt
* \marginparsep=7.0pt
* \columnsep=10.0pt
* \skip\footins=9.0pt plus 4.0pt minus 2.0pt
* \hoffset=0.0pt
* \voffset=0.0pt
* \mag=1000
* \@twocolumnfalse
* \@twosidetrue
* \@mparswitchtrue
* \@reversemarginfalse
* (1in=72.27pt=25.4mm, 1cm=28.453pt)

(/usr/local/texlive/2022/texmf-dist/tex/latex/fira/FiraSans.sty
Package: FiraSans 2019/10/10 (Bob Tennent and autoinst) Style file for Fira San
s fonts.
(/usr/local/texlive/2022/texmf-dist/tex/generic/iftex/ifxetex.sty
Package: ifxetex 2019/10/25 v0.7 ifxetex legacy package. Use iftex instead.
) (/usr/local/texlive/2022/texmf-dist/tex/generic/iftex/ifluatex.sty
Package: ifluatex 2019/10/25 v1.5 ifluatex legacy package. Use iftex instead.
) (/usr/local/texlive/2022/texmf-dist/tex/latex/xkeyval/xkeyval.sty
Package: xkeyval 2020/11/20 v2.8 package option processing (HA)
(/usr/local/texlive/2022/texmf-dist/tex/generic/xkeyval/xkeyval.tex (/usr/local
/texlive/2022/texmf-dist/tex/generic/xkeyval/xkvutils.tex
\XKV@toks=\toks44
\XKV@tempa@toks=\toks45
)
\XKV@depth=\count332
File: xkeyval.tex 2014/12/03 v2.7a key=value parser (HA)
)) (/usr/local/texlive/2022/texmf-dist/tex/latex/fontaxes/fontaxes.sty
Package: fontaxes 2020/07/21 v1.0e Font selection axes
LaTeX Info: Redefining \upshape on input line 29.
LaTeX Info: Redefining \itshape on input line 31.
LaTeX Info: Redefining \slshape on input line 33.
LaTeX Info: Redefining \swshape on input line 35.
LaTeX Info: Redefining \scshape on input line 37.
LaTeX Info: Redefining \sscshape on input line 39.
LaTeX Info: Redefining \ulcshape on input line 41.
LaTeX Info: Redefining \textsw on input line 47.
LaTeX Info: Redefining \textssc on input line 48.
LaTeX Info: Redefining \textulc on input line 49.
)) (/usr/local/texlive/2022/texmf-dist/tex/latex/bookmark/bookmark.sty
Package: bookmark 2020-11-06 v1.29 PDF bookmarks (HO)
(/usr/local/texlive/2022/texmf-dist/tex/latex/hyperref/hyperref.sty
Package: hyperref 2022-02-21 v7.00n Hypertext links for LaTeX
(/usr/local/texlive/2022/texmf-dist/tex/generic/kvdefinekeys/kvdefinekeys.sty
Package: kvdefinekeys 2019-12-19 v1.6 Define keys (HO)
) (/usr/local/texlive/2022/texmf-dist/tex/latex/hycolor/hycolor.sty
Package: hycolor 2020-01-27 v1.10 Color options for hyperref/bookmark (HO)
) (/usr/local/texlive/2022/texmf-dist/tex/latex/letltxmacro/letltxmacro.sty
Package: letltxmacro 2019/12/03 v1.6 Let assignment for LaTeX macros (HO)
) (/usr/local/texlive/2022/texmf-dist/tex/latex/auxhook/auxhook.sty
Package: auxhook 2019-12-17 v1.6 Hooks for auxiliary files (HO)
)
\@linkdim=\dimen295
\Hy@linkcounter=\count333
\Hy@pagecounter=\count334
(/usr/local/texlive/2022/texmf-dist/tex/latex/hyperref/pd1enc.def
File: pd1enc.def 2022-02-21 v7.00n Hyperref: PDFDocEncoding definition (HO)
Now handling font encoding PD1 ...
... no UTF-8 mapping file for font encoding PD1
) (/usr/local/texlive/2022/texmf-dist/tex/generic/intcalc/intcalc.sty
Package: intcalc 2019/12/15 v1.3 Expandable calculations with integers (HO)
) (/usr/local/texlive/2022/texmf-dist/tex/generic/etexcmds/etexcmds.sty
Package: etexcmds 2019/12/15 v1.7 Avoid name clashes with e-TeX commands (HO)
)
\Hy@SavedSpaceFactor=\count335
(/usr/local/texlive/2022/texmf-dist/tex/latex/hyperref/puenc.def
File: puenc.def 2022-02-21 v7.00n Hyperref: PDF Unicode definition (HO)
Now handling font encoding PU ...
... no UTF-8 mapping file for font encoding PU
)
Package hyperref Info: Option `unicode' set `true' on input line 4018.
Package hyperref Info: Hyper figures OFF on input line 4137.
Package hyperref Info: Link nesting OFF on input line 4142.
Package hyperref Info: Hyper index ON on input line 4145.
Package hyperref Info: Plain pages OFF on input line 4152.
Package hyperref Info: Backreferencing OFF on input line 4157.
Package hyperref Info: Implicit mode ON; LaTeX internals redefined.
Package hyperref Info: Bookmarks ON on input line 4390.
\c@Hy@tempcnt=\count336
(/usr/local/texlive/2022/texmf-dist/tex/latex/url/url.sty
\Urlmuskip=\muskip17
Package: url 2013/09/16  ver 3.4  Verb mode for urls, etc.
)
LaTeX Info: Redefining \url on input line 4749.
\XeTeXLinkMargin=\dimen296
(/usr/local/texlive/2022/texmf-dist/tex/generic/bitset/bitset.sty
Package: bitset 2019/12/09 v1.3 Handle bit-vector datatype (HO)
(/usr/local/texlive/2022/texmf-dist/tex/generic/bigintcalc/bigintcalc.sty
Package: bigintcalc 2019/12/15 v1.5 Expandable calculations on big integers (HO
)
))
\Fld@menulength=\count337
\Field@Width=\dimen297
\Fld@charsize=\dimen298
Package hyperref Info: Hyper figures OFF on input line 6027.
Package hyperref Info: Link nesting OFF on input line 6032.
Package hyperref Info: Hyper index ON on input line 6035.
Package hyperref Info: backreferencing OFF on input line 6042.
Package hyperref Info: Link coloring OFF on input line 6047.
Package hyperref Info: Link coloring with OCG OFF on input line 6052.
Package hyperref Info: PDF/A mode OFF on input line 6057.
LaTeX Info: Redefining \ref on input line 6097.
LaTeX Info: Redefining \pageref on input line 6101.
(/usr/local/texlive/2022/texmf-dist/tex/latex/base/atbegshi-ltx.sty
Package: atbegshi-ltx 2021/01/10 v1.0c Emulation of the original atbegshi
package with kernel methods
)
\Hy@abspage=\count338
\c@Item=\count339
\c@Hfootnote=\count340
)
Package hyperref Info: Driver (autodetected): hpdftex.
(/usr/local/texlive/2022/texmf-dist/tex/latex/hyperref/hpdftex.def
File: hpdftex.def 2022-02-21 v7.00n Hyperref driver for pdfTeX
(/usr/local/texlive/2022/texmf-dist/tex/latex/base/atveryend-ltx.sty
Package: atveryend-ltx 2020/08/19 v1.0a Emulation of the original atveryend pac
kage
with kernel methods
)
\Fld@listcount=\count341
\c@bookmark@seq@number=\count342

(/usr/local/texlive/2022/texmf-dist/tex/latex/rerunfilecheck/rerunfilecheck.sty
Package: rerunfilecheck 2019/12/05 v1.9 Rerun checks for auxiliary files (HO)

(/usr/local/texlive/2022/texmf-dist/tex/generic/uniquecounter/uniquecounter.sty
Package: uniquecounter 2019/12/15 v1.4 Provide unlimited unique counter (HO)
)
Package uniquecounter Info: New unique counter `rerunfilecheck' on input line 2
86.
)
\Hy@SectionHShift=\skip65
) (/usr/local/texlive/2022/texmf-dist/tex/latex/bookmark/bkm-pdftex.def
File: bkm-pdftex.def 2020-11-06 v1.29 bookmark driver for pdfTeX (HO)
\BKM@id=\count343
)) (/usr/local/texlive/2022/texmf-dist/tex/latex/xurl/xurl.sty
Package: xurl 2022/01/09 v 0.10 modify URL breaks
)
Package hyperref Info: Option `colorlinks' set `true' on input line 249.
LaTeX Font Info:    Trying to load font information for T1+FiraSans-OsF on inpu
t line 255.
(/usr/local/texlive/2022/texmf-dist/tex/latex/fira/T1FiraSans-OsF.fd
File: T1FiraSans-OsF.fd 2019/10/10 (autoinst) Font definitions for T1/FiraSans-
OsF.
)
LaTeX Font Info:    Font shape `T1/FiraSans-OsF/l/n' in size <10> not available

(Font)              Font shape `T1/FiraSans-OsF/light/n' tried instead on input
 line 255.
LaTeX Font Info:    Font shape `T1/FiraSans-OsF/light/n' will be
(Font)              scaled to size 10.0pt on input line 255.
(./_main.aux)
\openout1 = `_main.aux'.

LaTeX Font Info:    Checking defaults for OML/cmm/m/it on input line 255.
LaTeX Font Info:    ... okay on input line 255.
LaTeX Font Info:    Checking defaults for OMS/cmsy/m/n on input line 255.
LaTeX Font Info:    ... okay on input line 255.
LaTeX Font Info:    Checking defaults for OT1/cmr/m/n on input line 255.
LaTeX Font Info:    ... okay on input line 255.
LaTeX Font Info:    Checking defaults for T1/cmr/m/n on input line 255.
LaTeX Font Info:    ... okay on input line 255.
LaTeX Font Info:    Checking defaults for TS1/cmr/m/n on input line 255.
LaTeX Font Info:    ... okay on input line 255.
LaTeX Font Info:    Checking defaults for OMX/cmex/m/n on input line 255.
LaTeX Font Info:    ... okay on input line 255.
LaTeX Font Info:    Checking defaults for U/cmr/m/n on input line 255.
LaTeX Font Info:    ... okay on input line 255.
LaTeX Font Info:    Checking defaults for PD1/pdf/m/n on input line 255.
LaTeX Font Info:    ... okay on input line 255.
LaTeX Font Info:    Checking defaults for PU/pdf/m/n on input line 255.
LaTeX Font Info:    ... okay on input line 255.
LaTeX Info: Redefining \microtypecontext on input line 255.
Package microtype Info: Applying patch `item' on input line 255.
Package microtype Info: Applying patch `toc' on input line 255.
Package microtype Info: Applying patch `eqnum' on input line 255.
Package microtype Info: Applying patch `footnote' on input line 255.
Package microtype Info: Generating PDF output.
Package microtype Info: Character protrusion enabled (level 2).
Package microtype Info: Using protrusion set `basicmath'.
Package microtype Info: Automatic font expansion enabled (level 2),
(microtype)             stretch: 20, shrink: 20, step: 1, non-selected.
Package microtype Info: Using default expansion set `alltext-nott'.
LaTeX Info: Redefining \showhyphens on input line 255.
Package microtype Info: No adjustment of tracking.
Package microtype Info: No adjustment of interword spacing.
Package microtype Info: No adjustment of character kerning.
(/usr/local/texlive/2022/texmf-dist/tex/context/base/mkii/supp-pdf.mkii
[Loading MPS to PDF converter (version 2006.09.02).]
\scratchcounter=\count344
\scratchdimen=\dimen299
\scratchbox=\box88
\nofMPsegments=\count345
\nofMParguments=\count346
\everyMPshowfont=\toks46
\MPscratchCnt=\count347
\MPscratchDim=\dimen300
\MPnumerator=\count348
\makeMPintoPDFobject=\count349
\everyMPtoPDFconversion=\toks47
) (/usr/local/texlive/2022/texmf-dist/tex/latex/epstopdf-pkg/epstopdf-base.sty
Package: epstopdf-base 2020-01-24 v2.11 Base part for package epstopdf
Package epstopdf-base Info: Redefining graphics rule for `.eps' on input line 4
85.
(/usr/local/texlive/2022/texmf-dist/tex/latex/latexconfig/epstopdf-sys.cfg
File: epstopdf-sys.cfg 2010/07/13 v1.3 Configuration of (r)epstopdf for TeX Liv
e
))
*geometry* driver: auto-detecting
*geometry* detected driver: pdftex
*geometry* verbose mode - [ preamble ] result:
* driver: pdftex
* paper: <default>
* layout: <same size as paper>
* layoutoffset:(h,v)=(0.0pt,0.0pt)
* modes: twoside 
* h-part:(L,W,R)=(72.26999pt, 469.75502pt, 72.26999pt)
* v-part:(T,H,B)=(72.26999pt, 650.43001pt, 72.26999pt)
* \paperwidth=614.295pt
* \paperheight=794.96999pt
* \textwidth=469.75502pt
* \textheight=650.43001pt
* \oddsidemargin=0.0pt
* \evensidemargin=0.0pt
* \topmargin=-30.06749pt
* \headheight=12.0pt
* \headsep=18.06749pt
* \topskip=10.0pt
* \footskip=25.29494pt
* \marginparwidth=125.0pt
* \marginparsep=7.0pt
* \columnsep=10.0pt
* \skip\footins=9.0pt plus 4.0pt minus 2.0pt
* \hoffset=0.0pt
* \voffset=0.0pt
* \mag=1000
* \@twocolumnfalse
* \@twosidetrue
* \@mparswitchtrue
* \@reversemarginfalse
* (1in=72.27pt=25.4mm, 1cm=28.453pt)

\c@lstlisting=\count350
\c@mv@tabular=\count351
\c@mv@boldtabular=\count352
Package hyperref Info: Link coloring ON on input line 255.
(/usr/local/texlive/2022/texmf-dist/tex/latex/hyperref/nameref.sty
Package: nameref 2021-04-02 v2.47 Cross-referencing by name of section
(/usr/local/texlive/2022/texmf-dist/tex/latex/refcount/refcount.sty
Package: refcount 2019/12/15 v3.6 Data extraction from label references (HO)
)
(/usr/local/texlive/2022/texmf-dist/tex/generic/gettitlestring/gettitlestring.s
ty
Package: gettitlestring 2019/12/15 v1.6 Cleanup title references (HO)
)
\c@section@level=\count353
)
LaTeX Info: Redefining \ref on input line 255.
LaTeX Info: Redefining \pageref on input line 255.
LaTeX Info: Redefining \nameref on input line 255.
LaTeX Font Info:    Font shape `T1/FiraSans-OsF/l/n' in size <17.28> not availa
ble
(Font)              Font shape `T1/FiraSans-OsF/light/n' tried instead on input
 line 257.
LaTeX Font Info:    Font shape `T1/FiraSans-OsF/light/n' will be
(Font)              scaled to size 17.28pt on input line 257.
LaTeX Font Info:    Font shape `T1/FiraSans-OsF/l/n' in size <12> not available

(Font)              Font shape `T1/FiraSans-OsF/light/n' tried instead on input
 line 257.
LaTeX Font Info:    Font shape `T1/FiraSans-OsF/light/n' will be
(Font)              scaled to size 12.0pt on input line 257.
LaTeX Font Info:    Trying to load font information for OT1+lmr on input line 2
57.
(/usr/local/texlive/2022/texmf-dist/tex/latex/lm/ot1lmr.fd
File: ot1lmr.fd 2015/05/01 v1.6.1 Font defs for Latin Modern
) (/usr/local/texlive/2022/texmf-dist/tex/latex/microtype/mt-cmr.cfg
File: mt-cmr.cfg 2013/05/19 v2.2 microtype config. file: Computer Modern Roman 
(RS)
)
LaTeX Font Info:    Trying to load font information for OML+lmm on input line 2
57.
(/usr/local/texlive/2022/texmf-dist/tex/latex/lm/omllmm.fd
File: omllmm.fd 2015/05/01 v1.6.1 Font defs for Latin Modern
)
LaTeX Font Info:    Trying to load font information for OMS+lmsy on input line 
257.
(/usr/local/texlive/2022/texmf-dist/tex/latex/lm/omslmsy.fd
File: omslmsy.fd 2015/05/01 v1.6.1 Font defs for Latin Modern
)
LaTeX Font Info:    Trying to load font information for OMX+lmex on input line 
257.
(/usr/local/texlive/2022/texmf-dist/tex/latex/lm/omxlmex.fd
File: omxlmex.fd 2015/05/01 v1.6.1 Font defs for Latin Modern
)
LaTeX Font Info:    External font `lmex10' loaded for size
(Font)              <12> on input line 257.
LaTeX Font Info:    External font `lmex10' loaded for size
(Font)              <8> on input line 257.
LaTeX Font Info:    External font `lmex10' loaded for size
(Font)              <6> on input line 257.
LaTeX Font Info:    Trying to load font information for U+msa on input line 257
.
(/usr/local/texlive/2022/texmf-dist/tex/latex/amsfonts/umsa.fd
File: umsa.fd 2013/01/14 v3.01 AMS symbols A
) (/usr/local/texlive/2022/texmf-dist/tex/latex/microtype/mt-msa.cfg
File: mt-msa.cfg 2006/02/04 v1.1 microtype config. file: AMS symbols (a) (RS)
)
LaTeX Font Info:    Trying to load font information for U+msb on input line 257
.
(/usr/local/texlive/2022/texmf-dist/tex/latex/amsfonts/umsb.fd
File: umsb.fd 2013/01/14 v3.01 AMS symbols B
) (/usr/local/texlive/2022/texmf-dist/tex/latex/microtype/mt-msb.cfg
File: mt-msb.cfg 2005/06/01 v1.0 microtype config. file: AMS symbols (b) (RS)
) [1



{/usr/local/texlive/2022/texmf-var/fonts/map/pdftex/updmap/pdftex.map}]
LaTeX Font Info:    Font shape `T1/FiraSans-OsF/l/sl' in size <10> not availabl
e
(Font)              Font shape `T1/FiraSans-OsF/light/sl' tried instead on inpu
t line 261.
LaTeX Font Info:    Font shape `T1/FiraSans-OsF/light/sl' in size <10> not avai
lable
(Font)              Font shape `T1/FiraSans-OsF/light/it' tried instead on inpu
t line 261.
LaTeX Font Info:    Font shape `T1/FiraSans-OsF/light/it' will be
(Font)              scaled to size 10.0pt on input line 261.
[2

]
LaTeX Font Info:    Font shape `T1/FiraSans-OsF/l/n' in size <24.88> not availa
ble
(Font)              Font shape `T1/FiraSans-OsF/light/n' tried instead on input
 line 261.
LaTeX Font Info:    Font shape `T1/FiraSans-OsF/light/n' will be
(Font)              scaled to size 24.88pt on input line 261.
LaTeX Font Info:    Font shape `T1/FiraSans-OsF/b/n' in size <24.88> not availa
ble
(Font)              Font shape `T1/FiraSans-OsF/bold/n' tried instead on input 
line 261.
LaTeX Font Info:    Font shape `T1/FiraSans-OsF/bold/n' will be
(Font)              scaled to size 24.88pt on input line 261.
(./_main.toc
LaTeX Font Info:    Font shape `T1/FiraSans-OsF/b/n' in size <10> not available

(Font)              Font shape `T1/FiraSans-OsF/bold/n' tried instead on input 
line 1.
LaTeX Font Info:    Font shape `T1/FiraSans-OsF/bold/n' will be
(Font)              scaled to size 10.0pt on input line 1.
LaTeX Font Info:    External font `lmex10' loaded for size
(Font)              <10> on input line 6.
LaTeX Font Info:    External font `lmex10' loaded for size
(Font)              <7> on input line 6.
LaTeX Font Info:    External font `lmex10' loaded for size
(Font)              <5> on input line 6.
)
\tf@toc=\write6
\openout6 = `_main.toc'.

[3] [4

]
Chapter 1.
LaTeX Font Info:    Font shape `T1/FiraSans-OsF/l/n' in size <20.74> not availa
ble
(Font)              Font shape `T1/FiraSans-OsF/light/n' tried instead on input
 line 263.
LaTeX Font Info:    Font shape `T1/FiraSans-OsF/light/n' will be
(Font)              scaled to size 20.74pt on input line 263.
LaTeX Font Info:    Font shape `T1/FiraSans-OsF/b/n' in size <20.74> not availa
ble
(Font)              Font shape `T1/FiraSans-OsF/bold/n' tried instead on input 
line 263.
LaTeX Font Info:    Font shape `T1/FiraSans-OsF/bold/n' will be
(Font)              scaled to size 20.74pt on input line 263.
[5] [6

]
Chapter 2.
<images/hme_flowchart_cut.png, id=121, 952.7595pt x 220.4235pt>
File: images/hme_flowchart_cut.png Graphic file (type png)
<use images/hme_flowchart_cut.png>
Package pdftex.def Info: images/hme_flowchart_cut.png  used on input line 289.
(pdftex.def)             Requested size: 469.74928pt x 108.67776pt.
<images/table_functions.png, id=123, 1072.005pt x 314.97675pt>
File: images/table_functions.png Graphic file (type png)
<use images/table_functions.png>
Package pdftex.def Info: images/table_functions.png  used on input line 317.
(pdftex.def)             Requested size: 563.69437pt x 165.62479pt.

Overfull \hbox (93.93935pt too wide) in paragraph at lines 317--317
 [] 
 []


Underfull \vbox (badness 2799) has occurred while \output is active []

[7 <./images/hme_flowchart_cut.png>] [8 <./images/table_functions.png>]
Chapter 3.
LaTeX Font Info:    Trying to load font information for TS1+FiraSans-OsF on inp
ut line 338.
(/usr/local/texlive/2022/texmf-dist/tex/latex/fira/TS1FiraSans-OsF.fd
File: TS1FiraSans-OsF.fd 2019/10/10 (autoinst) Font definitions for TS1/FiraSan
s-OsF.
)
LaTeX Font Info:    Font shape `TS1/FiraSans-OsF/l/n' in size <10> not availabl
e
(Font)              Font shape `TS1/FiraSans-OsF/light/n' tried instead on inpu
t line 338.
LaTeX Font Info:    Font shape `TS1/FiraSans-OsF/light/n' will be
(Font)              scaled to size 10.0pt on input line 338.
<images/SEIRSdiagram.png, id=142, 875.06924pt x 337.26pt>
File: images/SEIRSdiagram.png Graphic file (type png)
<use images/SEIRSdiagram.png>
Package pdftex.def Info: images/SEIRSdiagram.png  used on input line 355.
(pdftex.def)             Requested size: 469.75305pt x 181.04727pt.
<images/infection_rate.png, id=143, 591.71063pt x 513.41812pt>
File: images/infection_rate.png Graphic file (type png)
<use images/infection_rate.png>
Package pdftex.def Info: images/infection_rate.png  used on input line 366.
(pdftex.def)             Requested size: 281.86pt x 244.56554pt.
LaTeX Font Info:    Trying to load font information for T1+lmtt on input line 3
73.
(/usr/local/texlive/2022/texmf-dist/tex/latex/lm/t1lmtt.fd
File: t1lmtt.fd 2015/05/01 v1.6.1 Font defs for Latin Modern
)
LaTeX Font Info:    Font shape `T1/lmtt/bx/n' in size <10> not available
(Font)              Font shape `T1/lmtt/b/n' tried instead on input line 377.
[9

] [10 <./images/SEIRSdiagram.png> <./images/infection_rate.png>]
<_main_files/figure-latex/set-example-params-1.pdf, id=166, 697.60625pt x 713.6
6624pt>
File: _main_files/figure-latex/set-example-params-1.pdf Graphic file (type pdf)

<use _main_files/figure-latex/set-example-params-1.pdf>
Package pdftex.def Info: _main_files/figure-latex/set-example-params-1.pdf  use
d on input line 392.
(pdftex.def)             Requested size: 469.75685pt x 480.5714pt.

Underfull \vbox (badness 10000) has occurred while \output is active []

[11] [12 <./_main_files/figure-latex/set-example-params-1.pdf>]
Chapter 4.
[13

]
<images/LHS.png, id=213, 393.26926pt x 369.17924pt>
File: images/LHS.png Graphic file (type png)
<use images/LHS.png>
Package pdftex.def Info: images/LHS.png  used on input line 475.
(pdftex.def)             Requested size: 281.86348pt x 264.59772pt.
LaTeX Font Info:    Trying to load font information for TS1+lmtt on input line 
507.
(/usr/local/texlive/2022/texmf-dist/tex/latex/lm/ts1lmtt.fd
File: ts1lmtt.fd 2015/05/01 v1.6.1 Font defs for Latin Modern
) [14] [15 <./images/LHS.png>] [16

]
Chapter 5.
LaTeX Font Info:    Font shape `T1/FiraSans-OsF/l/n' in size <14.4> not availab
le
(Font)              Font shape `T1/FiraSans-OsF/light/n' tried instead on input
 line 536.
LaTeX Font Info:    Font shape `T1/FiraSans-OsF/light/n' will be
(Font)              scaled to size 14.4pt on input line 536.
LaTeX Font Info:    Font shape `T1/FiraSans-OsF/b/n' in size <14.4> not availab
le
(Font)              Font shape `T1/FiraSans-OsF/bold/n' tried instead on input 
line 536.
LaTeX Font Info:    Font shape `T1/FiraSans-OsF/bold/n' will be
(Font)              scaled to size 14.4pt on input line 536.
<images/1dExample.png, id=237, 1505.625pt x 1003.75pt>
File: images/1dExample.png Graphic file (type png)
<use images/1dExample.png>
Package pdftex.def Info: images/1dExample.png  used on input line 558.
(pdftex.def)             Requested size: 281.84451pt x 187.89635pt.
LaTeX Font Info:    Font shape `T1/FiraSans-OsF/l/n' in size <7> not available
(Font)              Font shape `T1/FiraSans-OsF/light/n' tried instead on input
 line 566.
LaTeX Font Info:    Font shape `T1/FiraSans-OsF/light/n' will be
(Font)              scaled to size 7.0pt on input line 566.
LaTeX Font Info:    Font shape `T1/FiraSans-OsF/l/n' in size <5> not available
(Font)              Font shape `T1/FiraSans-OsF/light/n' tried instead on input
 line 566.
LaTeX Font Info:    Font shape `T1/FiraSans-OsF/light/n' will be
(Font)              scaled to size 5.0pt on input line 566.
[17] [18 <./images/1dExample.png>]
<images/1dExampleEmUnadjust.png, id=253, 1505.625pt x 1003.75pt>
File: images/1dExampleEmUnadjust.png Graphic file (type png)
<use images/1dExampleEmUnadjust.png>
Package pdftex.def Info: images/1dExampleEmUnadjust.png  used on input line 612
.
(pdftex.def)             Requested size: 281.84451pt x 187.89635pt.
<images/1dExampleEmAdjust.png, id=255, 1505.625pt x 1003.75pt>
File: images/1dExampleEmAdjust.png Graphic file (type png)
<use images/1dExampleEmAdjust.png>
Package pdftex.def Info: images/1dExampleEmAdjust.png  used on input line 623.
(pdftex.def)             Requested size: 281.84451pt x 187.89635pt.
LaTeX Font Info:    Font shape `T1/FiraSans-OsF/b/n' in size <12> not available

(Font)              Font shape `T1/FiraSans-OsF/bold/n' tried instead on input 
line 632.
LaTeX Font Info:    Font shape `T1/FiraSans-OsF/bold/n' will be
(Font)              scaled to size 12.0pt on input line 632.

Underfull \vbox (badness 10000) has occurred while \output is active []

[19 <./images/1dExampleEmUnadjust.png>] [20 <./images/1dExampleEmAdjust.png>]
Overfull \hbox (637.99176pt too wide) in paragraph at lines 709--709
[]\T1/lmtt/m/n/10 ## Parameters and ranges:  b: c(0, 1e-04): mu: c(0, 1e-04): b
eta1: c(0.2, 0.3): beta2: c(0.1, 0.2): beta3: c(0.3, 0.5): epsilon: c(0.07, 0.2
1): alpha: c(0.01, 0.025): gamma: c(0.05, 0.08): omega: c(0.002, 0.004) 
 []


Overfull \hbox (926.74092pt too wide) in paragraph at lines 711--711
[]\T1/lmtt/m/n/10 ##   Basis functions:  (Intercept); mu; beta1; beta2; epsilon
; alpha; gamma; omega; I(mu^2); I(beta1^2); I(epsilon^2); I(gamma^2); beta1:bet
a2; beta1:epsilon; beta1:alpha; beta1:gamma; beta2:epsilon; epsilon:alpha; epsi
lon:gamma; mu:alpha; beta1:omega; epsilon:omega[] 
 []


Overfull \hbox (748.24144pt too wide) in paragraph at lines 713--713
[]\T1/lmtt/m/n/10 ##   Regression Surface Expectation:  304.9884; -0.9248; 50.5
568; 8.9325; 106.9455; -24.1201; 13.4327; -4.2195; 2.2631; -2.6178; -25.8466; -
7.7355; -2.1221; 19.8649; -4.5667; 3.3273; 3.6485; -9.6564; 3.3717; 1.2167; -2.
3135; -1.9381[] 
 []


Overfull \hbox (123.49326pt too wide) in paragraph at lines 714--714
[]\T1/lmtt/m/n/10 ##   Regression surface Variance (eigenvalues):  0; 0; 0; 0; 
0; 0; 0; 0; 0; 0; 0; 0; 0; 0; 0; 0; 0; 0; 0; 0; 0; 0[] 
 []

[21]
<_main_files/figure-latex/plot-em-1.pdf, id=283, 632.3625pt x 493.845pt>
File: _main_files/figure-latex/plot-em-1.pdf Graphic file (type pdf)
<use _main_files/figure-latex/plot-em-1.pdf>
Package pdftex.def Info: _main_files/figure-latex/plot-em-1.pdf  used on input 
line 745.
(pdftex.def)             Requested size: 469.7646pt x 366.86377pt.
[22 <./_main_files/figure-latex/plot-em-1.pdf>]
<_main_files/figure-latex/plot-actives-all-1.pdf, id=300, 489.83pt x 493.845pt>

File: _main_files/figure-latex/plot-actives-all-1.pdf Graphic file (type pdf)
<use _main_files/figure-latex/plot-actives-all-1.pdf>
Package pdftex.def Info: _main_files/figure-latex/plot-actives-all-1.pdf  used 
on input line 770.
(pdftex.def)             Requested size: 469.76805pt x 473.6186pt.
LaTeX Font Info:    Font shape `T1/FiraSans-OsF/l/it' in size <10> not availabl
e
(Font)              Font shape `T1/FiraSans-OsF/light/it' tried instead on inpu
t line 772.
LaTeX Font Info:    Font shape `T1/FiraSans-OsF/light/it' will be
(Font)              scaled to size 10.0pt on input line 772.
[23 <./_main_files/figure-latex/plot-actives-all-1.pdf>]
<_main_files/figure-latex/check-effect-strength-1.pdf, id=319, 489.83pt x 493.8
45pt>
File: _main_files/figure-latex/check-effect-strength-1.pdf Graphic file (type p
df)
<use _main_files/figure-latex/check-effect-strength-1.pdf>
Package pdftex.def Info: _main_files/figure-latex/check-effect-strength-1.pdf  
used on input line 780.
(pdftex.def)             Requested size: 469.76805pt x 473.6186pt.
[24 <./_main_files/figure-latex/check-effect-strength-1.pdf>]
<_main_files/figure-latex/em-plot-viz-1.pdf, id=333, 704.6325pt x 493.845pt>
File: _main_files/figure-latex/em-plot-viz-1.pdf Graphic file (type pdf)
<use _main_files/figure-latex/em-plot-viz-1.pdf>
Package pdftex.def Info: _main_files/figure-latex/em-plot-viz-1.pdf  used on in
put line 821.
(pdftex.def)             Requested size: 469.75745pt x 329.23169pt.

Underfull \vbox (badness 10000) has occurred while \output is active []

[25] [26 <./_main_files/figure-latex/em-plot-viz-1.pdf>]
Chapter 6.
[27

]
<_main_files/figure-latex/plot-imp-1.pdf, id=368, 487.8225pt x 421.575pt>
File: _main_files/figure-latex/plot-imp-1.pdf Graphic file (type pdf)
<use _main_files/figure-latex/plot-imp-1.pdf>
Package pdftex.def Info: _main_files/figure-latex/plot-imp-1.pdf  used on input
 line 891.
(pdftex.def)             Requested size: 469.76321pt x 405.9682pt.

Underfull \vbox (badness 1629) has occurred while \output is active []

[28 <./_main_files/figure-latex/plot-imp-1.pdf>]
<_main_files/figure-latex/plot-imps-1.pdf, id=380, 710.655pt x 493.845pt>
File: _main_files/figure-latex/plot-imps-1.pdf Graphic file (type pdf)
<use _main_files/figure-latex/plot-imps-1.pdf>
Package pdftex.def Info: _main_files/figure-latex/plot-imps-1.pdf  used on inpu
t line 904.
(pdftex.def)             Requested size: 469.77112pt x 326.45111pt.
[29 <./_main_files/figure-latex/plot-imps-1.pdf>] [30

]
Chapter 7.
<_main_files/figure-latex/valid-diag-explicit-1.pdf, id=403, 694.595pt x 227.85
126pt>
File: _main_files/figure-latex/valid-diag-explicit-1.pdf Graphic file (type pdf
)
<use _main_files/figure-latex/valid-diag-explicit-1.pdf>
Package pdftex.def Info: _main_files/figure-latex/valid-diag-explicit-1.pdf  us
ed on input line 970.
(pdftex.def)             Requested size: 469.77467pt x 154.10239pt.
[31] [32 <./_main_files/figure-latex/valid-diag-explicit-1.pdf>]
<_main_files/figure-latex/modify-sigma2-1.pdf, id=422, 694.595pt x 227.85126pt>

File: _main_files/figure-latex/modify-sigma2-1.pdf Graphic file (type pdf)
<use _main_files/figure-latex/modify-sigma2-1.pdf>
Package pdftex.def Info: _main_files/figure-latex/modify-sigma2-1.pdf  used on 
input line 1012.
(pdftex.def)             Requested size: 469.77467pt x 154.10239pt.
[33 <./_main_files/figure-latex/modify-sigma2-1.pdf>] [34

]
Chapter 8.
<images/LHSamp.png, id=455, 821.31844pt x 760.34062pt>
File: images/LHSamp.png Graphic file (type png)
<use images/LHSamp.png>
Package pdftex.def Info: images/LHSamp.png  used on input line 1041.
(pdftex.def)             Requested size: 352.30785pt x 326.15117pt.
<images/LineSamp.png, id=457, 821.31844pt x 760.34062pt>
File: images/LineSamp.png Graphic file (type png)
<use images/LineSamp.png>
Package pdftex.def Info: images/LineSamp.png  used on input line 1052.
(pdftex.def)             Requested size: 352.30785pt x 326.15117pt.
<images/ImpSamp.png, id=460, 821.31844pt x 760.34062pt>
File: images/ImpSamp.png Graphic file (type png)
<use images/ImpSamp.png>
Package pdftex.def Info: images/ImpSamp.png  used on input line 1063.
(pdftex.def)             Requested size: 352.30785pt x 326.15117pt.
<images/FinalSamp.png, id=461, 821.31844pt x 760.34062pt>
File: images/FinalSamp.png Graphic file (type png)
<use images/FinalSamp.png>
Package pdftex.def Info: images/FinalSamp.png  used on input line 1074.
(pdftex.def)             Requested size: 352.30785pt x 326.15117pt.
[35] [36 <./images/LHSamp.png>] [37 <./images/LineSamp.png>] [38 <./images/ImpS
amp.png>] [39 <./images/FinalSamp.png>]
<_main_files/figure-latex/plot-new-points-1.pdf, id=493, 600.2425pt x 600.2425p
t>
File: _main_files/figure-latex/plot-new-points-1.pdf Graphic file (type pdf)
<use _main_files/figure-latex/plot-new-points-1.pdf>
Package pdftex.def Info: _main_files/figure-latex/plot-new-points-1.pdf  used o
n input line 1108.
(pdftex.def)             Requested size: 469.77176pt x 469.77176pt.
[40 <./_main_files/figure-latex/plot-new-points-1.pdf>]
<images/wave0SEIReval.png, id=505, 443.85825pt x 478.78876pt>
File: images/wave0SEIReval.png Graphic file (type png)
<use images/wave0SEIReval.png>
Package pdftex.def Info: images/wave0SEIReval.png  used on input line 1114.
(pdftex.def)             Requested size: 352.32379pt x 380.05078pt.
<images/wave1SEIReval.png, id=506, 441.44925pt x 479.391pt>
File: images/wave1SEIReval.png Graphic file (type png)
<use images/wave1SEIReval.png>
Package pdftex.def Info: images/wave1SEIReval.png  used on input line 1118.
(pdftex.def)             Requested size: 352.3246pt x 382.60628pt.

Underfull \vbox (badness 10000) has occurred while \output is active []

[41 <./images/wave0SEIReval.png>]
Underfull \vbox (badness 1533) has occurred while \output is active []

[42 <./images/wave1SEIReval.png>]
<_main_files/figure-latex/space-rem-1.pdf, id=523, 706.64pt x 568.1225pt>
File: _main_files/figure-latex/space-rem-1.pdf Graphic file (type pdf)
<use _main_files/figure-latex/space-rem-1.pdf>
Package pdftex.def Info: _main_files/figure-latex/space-rem-1.pdf  used on inpu
t line 1144.
(pdftex.def)             Requested size: 469.75874pt x 377.67534pt.
[43 <./_main_files/figure-latex/space-rem-1.pdf>] [44

]
Chapter 9.
[45] [46

]
Chapter 10.
[47] [48]
Chapter 11.
<_main_files/figure-latex/wave-points-1.pdf, id=571, 634.37pt x 638.385pt>
File: _main_files/figure-latex/wave-points-1.pdf Graphic file (type pdf)
<use _main_files/figure-latex/wave-points-1.pdf>
Package pdftex.def Info: _main_files/figure-latex/wave-points-1.pdf  used on in
put line 1216.
(pdftex.def)             Requested size: 469.76523pt x 472.73842pt.

Underfull \vbox (badness 10000) has occurred while \output is active []

[49

] [50 <./_main_files/figure-latex/wave-points-1.pdf>]
<_main_files/figure-latex/sim-plot-1.pdf, id=591, 634.37pt x 638.385pt>
File: _main_files/figure-latex/sim-plot-1.pdf Graphic file (type pdf)
<use _main_files/figure-latex/sim-plot-1.pdf>
Package pdftex.def Info: _main_files/figure-latex/sim-plot-1.pdf  used on input
 line 1240.
(pdftex.def)             Requested size: 469.76523pt x 472.73842pt.

Underfull \vbox (badness 10000) has occurred while \output is active []

[51 <./_main_files/figure-latex/sim-plot-1.pdf>]
<_main_files/figure-latex/wave-values-1.pdf, id=606, 634.37pt x 638.385pt>
File: _main_files/figure-latex/wave-values-1.pdf Graphic file (type pdf)
<use _main_files/figure-latex/wave-values-1.pdf>
Package pdftex.def Info: _main_files/figure-latex/wave-values-1.pdf  used on in
put line 1259.
(pdftex.def)             Requested size: 469.76523pt x 472.73842pt.

Underfull \vbox (badness 10000) has occurred while \output is active []

[52]
Underfull \vbox (badness 1418) has occurred while \output is active []

[53 <./_main_files/figure-latex/wave-values-1.pdf>] [54]
*geometry* verbose mode - [ newgeometry ] result:
* driver: pdftex
* paper: <default>
* layout: <same size as paper>
* layoutoffset:(h,v)=(0.0pt,0.0pt)
* modes: twoside 
* h-part:(L,W,R)=(36.135pt, 542.02501pt, 36.135pt)
* v-part:(T,H,B)=(36.135pt, 722.7pt, 36.135pt)
* \paperwidth=614.295pt
* \paperheight=794.96999pt
* \textwidth=542.02501pt
* \textheight=722.7pt
* \oddsidemargin=-36.135pt
* \evensidemargin=-36.135pt
* \topmargin=-66.20248pt
* \headheight=12.0pt
* \headsep=18.06749pt
* \topskip=10.0pt
* \footskip=25.29494pt
* \marginparwidth=125.0pt
* \marginparsep=7.0pt
* \columnsep=10.0pt
* \skip\footins=9.0pt plus 4.0pt minus 2.0pt
* \hoffset=0.0pt
* \voffset=0.0pt
* \mag=1000
* \@twocolumnfalse
* \@twosidetrue
* \@mparswitchtrue
* \@reversemarginfalse
* (1in=72.27pt=25.4mm, 1cm=28.453pt)

Appendix A.
<_main_files/figure-latex/higher-beta-1.pdf, id=633, 526.96875pt x 544.0325pt>
File: _main_files/figure-latex/higher-beta-1.pdf Graphic file (type pdf)
<use _main_files/figure-latex/higher-beta-1.pdf>
Package pdftex.def Info: _main_files/figure-latex/higher-beta-1.pdf  used on in
put line 1294.
(pdftex.def)             Requested size: 510.74898pt x 527.28754pt.
<_main_files/figure-latex/higher-epsilon-1.pdf, id=634, 526.96875pt x 544.0325p
t>
File: _main_files/figure-latex/higher-epsilon-1.pdf Graphic file (type pdf)
<use _main_files/figure-latex/higher-epsilon-1.pdf>
Package pdftex.def Info: _main_files/figure-latex/higher-epsilon-1.pdf  used on
 input line 1316.
(pdftex.def)             Requested size: 510.74898pt x 527.28754pt.
<_main_files/figure-latex/lower-recovery-1.pdf, id=635, 526.96875pt x 544.0325p
t>
File: _main_files/figure-latex/lower-recovery-1.pdf Graphic file (type pdf)
<use _main_files/figure-latex/lower-recovery-1.pdf>
Package pdftex.def Info: _main_files/figure-latex/lower-recovery-1.pdf  used on
 input line 1338.
(pdftex.def)             Requested size: 510.74898pt x 527.28754pt.

Underfull \vbox (badness 10000) has occurred while \output is active []

[55


] [56 <./_main_files/figure-latex/higher-beta-1.pdf>] [57 <./_main_files/figure
-latex/higher-epsilon-1.pdf>] [58]
Underfull \vbox (badness 10000) has occurred while \output is active []

[59 <./_main_files/figure-latex/lower-recovery-1.pdf>]
<_main_files/figure-latex/plot-nimp-1.pdf, id=687, 487.8225pt x 421.575pt>
File: _main_files/figure-latex/plot-nimp-1.pdf Graphic file (type pdf)
<use _main_files/figure-latex/plot-nimp-1.pdf>
Package pdftex.def Info: _main_files/figure-latex/plot-nimp-1.pdf  used on inpu
t line 1429.
(pdftex.def)             Requested size: 487.82874pt x 421.58038pt.
<_main_files/figure-latex/plot-second-imp-1.pdf, id=688, 487.8225pt x 421.575pt
>
File: _main_files/figure-latex/plot-second-imp-1.pdf Graphic file (type pdf)
<use _main_files/figure-latex/plot-second-imp-1.pdf>
Package pdftex.def Info: _main_files/figure-latex/plot-second-imp-1.pdf  used o
n input line 1439.
(pdftex.def)             Requested size: 487.82874pt x 421.58038pt.
<_main_files/figure-latex/restrict-ems-1.pdf, id=689, 638.385pt x 638.385pt>
File: _main_files/figure-latex/restrict-ems-1.pdf Graphic file (type pdf)
<use _main_files/figure-latex/restrict-ems-1.pdf>
Package pdftex.def Info: _main_files/figure-latex/restrict-ems-1.pdf  used on i
nput line 1453.
(pdftex.def)             Requested size: 510.72816pt x 510.72816pt.

Overfull \hbox (108.77113pt too wide) in paragraph at lines 1467--1467
[]\T1/lmtt/m/n/10 ## Warning in geom_point(aes(x = 0.214, y = 1/14), size = 3):
 All aesthetics have length 1, but the data has 900 rows. 
 []

<_main_files/figure-latex/plot-restricted-ems-1.pdf, id=690, 487.8225pt x 493.8
45pt>
File: _main_files/figure-latex/plot-restricted-ems-1.pdf Graphic file (type pdf
)
<use _main_files/figure-latex/plot-restricted-ems-1.pdf>
Package pdftex.def Info: _main_files/figure-latex/plot-restricted-ems-1.pdf  us
ed on input line 1472.
(pdftex.def)             Requested size: 487.8213pt x 493.84378pt.

Underfull \vbox (badness 10000) has occurred while \output is active []

[60] [61 <./_main_files/figure-latex/plot-nimp-1.pdf>] [62 <./_main_files/figur
e-latex/plot-second-imp-1.pdf>] [63 <./_main_files/figure-latex/restrict-ems-1.
pdf>]
<_main_files/figure-latex/explore-sigma2-1.pdf, id=731, 694.595pt x 227.85126pt
>
File: _main_files/figure-latex/explore-sigma2-1.pdf Graphic file (type pdf)
<use _main_files/figure-latex/explore-sigma2-1.pdf>
Package pdftex.def Info: _main_files/figure-latex/explore-sigma2-1.pdf  used on
 input line 1493.
(pdftex.def)             Requested size: 510.74907pt x 167.5434pt.
<_main_files/figure-latex/big-sigma2-1.pdf, id=732, 694.595pt x 227.85126pt>
File: _main_files/figure-latex/big-sigma2-1.pdf Graphic file (type pdf)
<use _main_files/figure-latex/big-sigma2-1.pdf>
Package pdftex.def Info: _main_files/figure-latex/big-sigma2-1.pdf  used on inp
ut line 1507.
(pdftex.def)             Requested size: 510.74907pt x 167.5434pt.

Underfull \vbox (badness 10000) has occurred while \output is active []

[64 <./_main_files/figure-latex/plot-restricted-ems-1.pdf>]
<_main_files/figure-latex/gen-new-points-all, fignewpts-1.pdf, id=746, 600.2425
pt x 600.2425pt>
File: _main_files/figure-latex/gen-new-points-all, fignewpts-1.pdf Graphic file
 (type pdf)
<use _main_files/figure-latex/gen-new-points-all, fignewpts-1.pdf>
Package pdftex.def Info: _main_files/figure-latex/gen-new-points-all, fignewpts
-1.pdf  used on input line 1541.
(pdftex.def)             Requested size: 510.73975pt x 510.73975pt.

Underfull \vbox (badness 2012) has occurred while \output is active []

[65 <./_main_files/figure-latex/explore-sigma2-1.pdf> <./_main_files/figure-lat
ex/big-sigma2-1.pdf>]
<_main_files/figure-latex/task-diag-1.pdf, id=770, 698.61pt x 697.60625pt>
File: _main_files/figure-latex/task-diag-1.pdf Graphic file (type pdf)
<use _main_files/figure-latex/task-diag-1.pdf>
Package pdftex.def Info: _main_files/figure-latex/task-diag-1.pdf  used on inpu
t line 1560.
(pdftex.def)             Requested size: 510.72725pt x 509.99345pt.
<_main_files/figure-latex/task-diag-2.pdf, id=771, 698.61pt x 697.60625pt>
File: _main_files/figure-latex/task-diag-2.pdf Graphic file (type pdf)
<use _main_files/figure-latex/task-diag-2.pdf>
Package pdftex.def Info: _main_files/figure-latex/task-diag-2.pdf  used on inpu
t line 1562.
(pdftex.def)             Requested size: 510.72725pt x 509.99345pt.
<_main_files/figure-latex/task-diag-3.pdf, id=772, 696.6025pt x 697.60625pt>
File: _main_files/figure-latex/task-diag-3.pdf Graphic file (type pdf)
<use _main_files/figure-latex/task-diag-3.pdf>
Package pdftex.def Info: _main_files/figure-latex/task-diag-3.pdf  used on inpu
t line 1564.
(pdftex.def)             Requested size: 510.72649pt x 511.4624pt.
<_main_files/figure-latex/task-diag-4.pdf, id=773, 694.595pt x 697.60625pt>
File: _main_files/figure-latex/task-diag-4.pdf Graphic file (type pdf)
<use _main_files/figure-latex/task-diag-4.pdf>
Package pdftex.def Info: _main_files/figure-latex/task-diag-4.pdf  used on inpu
t line 1566.
(pdftex.def)             Requested size: 510.74907pt x 512.96329pt.
<_main_files/figure-latex/task-new-valid-1.pdf, id=774, 698.61pt x 697.60625pt>

File: _main_files/figure-latex/task-new-valid-1.pdf Graphic file (type pdf)
<use _main_files/figure-latex/task-new-valid-1.pdf>
Package pdftex.def Info: _main_files/figure-latex/task-new-valid-1.pdf  used on
 input line 1585.
(pdftex.def)             Requested size: 510.72725pt x 509.99345pt.
<_main_files/figure-latex/task-new-valid-2.pdf, id=775, 698.61pt x 697.60625pt>

File: _main_files/figure-latex/task-new-valid-2.pdf Graphic file (type pdf)
<use _main_files/figure-latex/task-new-valid-2.pdf>
Package pdftex.def Info: _main_files/figure-latex/task-new-valid-2.pdf  used on
 input line 1587.
(pdftex.def)             Requested size: 510.72725pt x 509.99345pt.
<_main_files/figure-latex/task-new-valid-3.pdf, id=776, 696.6025pt x 697.60625p
t>
File: _main_files/figure-latex/task-new-valid-3.pdf Graphic file (type pdf)
<use _main_files/figure-latex/task-new-valid-3.pdf>
Package pdftex.def Info: _main_files/figure-latex/task-new-valid-3.pdf  used on
 input line 1589.
(pdftex.def)             Requested size: 510.72649pt x 511.4624pt.
<_main_files/figure-latex/task-new-valid-4.pdf, id=777, 694.595pt x 697.60625pt
>
File: _main_files/figure-latex/task-new-valid-4.pdf Graphic file (type pdf)
<use _main_files/figure-latex/task-new-valid-4.pdf>
Package pdftex.def Info: _main_files/figure-latex/task-new-valid-4.pdf  used on
 input line 1591.
(pdftex.def)             Requested size: 510.74907pt x 512.96329pt.
<_main_files/figure-latex/task-gen-new-1.pdf, id=778, 672.5125pt x 672.5125pt>
File: _main_files/figure-latex/task-gen-new-1.pdf Graphic file (type pdf)
<use _main_files/figure-latex/task-gen-new-1.pdf>
Package pdftex.def Info: _main_files/figure-latex/task-gen-new-1.pdf  used on i
nput line 1614.
(pdftex.def)             Requested size: 510.73512pt x 510.73512pt.

Underfull \vbox (badness 10000) has occurred while \output is active []

[66 <./_main_files/figure-latex/gen-new-points-all, fignewpts-1.pdf>]
Underfull \vbox (badness 10000) has occurred while \output is active []

[67 <./_main_files/figure-latex/task-diag-1.pdf>] [68 <./_main_files/figure-lat
ex/task-diag-2.pdf>] [69 <./_main_files/figure-latex/task-diag-3.pdf>] [70 <./_
main_files/figure-latex/task-diag-4.pdf>] [71 <./_main_files/figure-latex/task-
new-valid-1.pdf>] [72 <./_main_files/figure-latex/task-new-valid-2.pdf>] [73 <.
/_main_files/figure-latex/task-new-valid-3.pdf>] [74 <./_main_files/figure-late
x/task-new-valid-4.pdf>]
<_main_files/figure-latex/wave2-diag-1.pdf, id=891, 696.6025pt x 697.60625pt>
File: _main_files/figure-latex/wave2-diag-1.pdf Graphic file (type pdf)
<use _main_files/figure-latex/wave2-diag-1.pdf>
Package pdftex.def Info: _main_files/figure-latex/wave2-diag-1.pdf  used on inp
ut line 1699.
(pdftex.def)             Requested size: 510.72649pt x 511.4624pt.
<_main_files/figure-latex/wave2-diag-2.pdf, id=892, 698.61pt x 697.60625pt>
File: _main_files/figure-latex/wave2-diag-2.pdf Graphic file (type pdf)
<use _main_files/figure-latex/wave2-diag-2.pdf>
Package pdftex.def Info: _main_files/figure-latex/wave2-diag-2.pdf  used on inp
ut line 1701.
(pdftex.def)             Requested size: 510.72725pt x 509.99345pt.
<_main_files/figure-latex/wave2-diag-3.pdf, id=893, 698.61pt x 697.60625pt>
File: _main_files/figure-latex/wave2-diag-3.pdf Graphic file (type pdf)
<use _main_files/figure-latex/wave2-diag-3.pdf>
Package pdftex.def Info: _main_files/figure-latex/wave2-diag-3.pdf  used on inp
ut line 1703.
(pdftex.def)             Requested size: 510.72725pt x 509.99345pt.
<_main_files/figure-latex/wave2-diag-4.pdf, id=894, 698.61pt x 697.60625pt>
File: _main_files/figure-latex/wave2-diag-4.pdf Graphic file (type pdf)
<use _main_files/figure-latex/wave2-diag-4.pdf>
Package pdftex.def Info: _main_files/figure-latex/wave2-diag-4.pdf  used on inp
ut line 1705.
(pdftex.def)             Requested size: 510.72725pt x 509.99345pt.

Overfull \hbox (135.02106pt too wide) in paragraph at lines 1724--1724
[]\T1/lmtt/m/n/10 ## Investigate these outputs carefully and consider adding in
 additional training points near problematic regions of space.[] 
 []

<_main_files/figure-latex/wave2-plot-1.pdf, id=895, 480.79625pt x 312.16624pt>
File: _main_files/figure-latex/wave2-plot-1.pdf Graphic file (type pdf)
<use _main_files/figure-latex/wave2-plot-1.pdf>
Package pdftex.def Info: _main_files/figure-latex/wave2-plot-1.pdf  used on inp
ut line 1735.
(pdftex.def)             Requested size: 480.80238pt x 312.17024pt.
<_main_files/figure-latex/new-validation-1.pdf, id=896, 696.6025pt x 697.60625p
t>
File: _main_files/figure-latex/new-validation-1.pdf Graphic file (type pdf)
<use _main_files/figure-latex/new-validation-1.pdf>
Package pdftex.def Info: _main_files/figure-latex/new-validation-1.pdf  used on
 input line 1792.
(pdftex.def)             Requested size: 510.72649pt x 511.4624pt.
<_main_files/figure-latex/new-validation-2.pdf, id=897, 696.6025pt x 697.60625p
t>
File: _main_files/figure-latex/new-validation-2.pdf Graphic file (type pdf)
<use _main_files/figure-latex/new-validation-2.pdf>
Package pdftex.def Info: _main_files/figure-latex/new-validation-2.pdf  used on
 input line 1794.
(pdftex.def)             Requested size: 510.72649pt x 511.4624pt.
<_main_files/figure-latex/new-validation-3.pdf, id=898, 698.61pt x 456.70625pt>

File: _main_files/figure-latex/new-validation-3.pdf Graphic file (type pdf)
<use _main_files/figure-latex/new-validation-3.pdf>
Package pdftex.def Info: _main_files/figure-latex/new-validation-3.pdf  used on
 input line 1796.
(pdftex.def)             Requested size: 510.72725pt x 333.8806pt.
<_main_files/figure-latex/prop-new-points-task-1.pdf, id=899, 600.2425pt x 600.
2425pt>
File: _main_files/figure-latex/prop-new-points-task-1.pdf Graphic file (type pd
f)
<use _main_files/figure-latex/prop-new-points-task-1.pdf>
Package pdftex.def Info: _main_files/figure-latex/prop-new-points-task-1.pdf  u
sed on input line 1820.
(pdftex.def)             Requested size: 510.73975pt x 510.73975pt.

Underfull \vbox (badness 10000) has occurred while \output is active []

[75 <./_main_files/figure-latex/task-gen-new-1.pdf>]
Underfull \vbox (badness 10000) has occurred while \output is active []

[76] [77 <./_main_files/figure-latex/wave2-diag-1.pdf>] [78 <./_main_files/figu
re-latex/wave2-diag-2.pdf>] [79 <./_main_files/figure-latex/wave2-diag-3.pdf>] 
[80 <./_main_files/figure-latex/wave2-diag-4.pdf>] [81 <./_main_files/figure-la
tex/wave2-plot-1.pdf>] [82 <./_main_files/figure-latex/new-validation-1.pdf>] [
83 <./_main_files/figure-latex/new-validation-2.pdf>] [84 <./_main_files/figure
-latex/new-validation-3.pdf>]
<_main_files/figure-latex/sim-plot-task-1.pdf, id=1014, 634.37pt x 638.385pt>
File: _main_files/figure-latex/sim-plot-task-1.pdf Graphic file (type pdf)
<use _main_files/figure-latex/sim-plot-task-1.pdf>
Package pdftex.def Info: _main_files/figure-latex/sim-plot-task-1.pdf  used on 
input line 1837.
(pdftex.def)             Requested size: 510.73938pt x 513.9719pt.
<_main_files/figure-latex/sim-plot-task-2.pdf, id=1015, 634.37pt x 638.385pt>
File: _main_files/figure-latex/sim-plot-task-2.pdf Graphic file (type pdf)
<use _main_files/figure-latex/sim-plot-task-2.pdf>
Package pdftex.def Info: _main_files/figure-latex/sim-plot-task-2.pdf  used on 
input line 1845.
(pdftex.def)             Requested size: 510.73938pt x 513.9719pt.

Underfull \vbox (badness 10000) has occurred while \output is active []

[85 <./_main_files/figure-latex/prop-new-points-task-1.pdf>] [86 <./_main_files
/figure-latex/sim-plot-task-1.pdf>] [87 <./_main_files/figure-latex/sim-plot-ta
sk-2.pdf>] [88

]
Appendix B.

LaTeX Font Warning: Font shape `T1/lmtt/bx/it' in size <10> not available
(Font)              Font shape `T1/lmtt/b/sl' tried instead on input line 1869.



Package tcolorbox Warning: Discard zero height first box part due to break prob
lems (possible loss of zero height content) on input line 1909.


Underfull \vbox (badness 10000) has occurred while \output is active []

[89]

Package tcolorbox Warning: Using nobreak failed. Try to enlarge `lines before b
reak' or set page breaks manually on input line 1909.


Underfull \vbox (badness 10000) has occurred while \output is active []

[90] [91] (./_main.aux) ) 
Here is how much of TeX's memory you used:
 33191 strings out of 478268
 670799 string characters out of 5846348
 1003319 words of memory out of 5000000
 50230 multiletter control sequences out of 15000+600000
 744472 words of font info for 272 fonts, out of 8000000 for 9000
 1141 hyphenation exceptions out of 8191
 90i,9n,99p,1473b,998s stack positions out of 10000i,1000n,20000p,200000b,200000s
{/usr/local/texlive/2022/texmf-dist/fonts/enc/dvips/lm
/lm-ts1.enc}{/usr/local/texlive/2022/texmf-dist/fonts/enc/dvips/lm/lm-ec.enc}{/
usr/local/texlive/2022/texmf-dist/fonts/enc/dvips/lm/lm-mathsy.enc}{/usr/local/
texlive/2022/texmf-dist/fonts/enc/dvips/lm/lm-mathit.enc}{/usr/local/texlive/20
22/texmf-dist/fonts/enc/dvips/lm/lm-mathex.enc}{/usr/local/texlive/2022/texmf-d
ist/fonts/enc/dvips/lm/lm-rm.enc}{/usr/local/texlive/2022/texmf-dist/fonts/enc/
dvips/fira/fir_d67aat.enc}{/usr/local/texlive/2022/texmf-dist/fonts/enc/dvips/f
ira/fir_iln36p.enc}</usr/local/texlive/2022/texmf-dist/fonts/type1/public/fira/
FiraSans-Bold.pfb></usr/local/texlive/2022/texmf-dist/fonts/type1/public/fira/F
iraSans-Light.pfb></usr/local/texlive/2022/texmf-dist/fonts/type1/public/fira/F
iraSans-LightItalic.pfb></usr/local/texlive/2022/texmf-dist/fonts/type1/public/
lm/lmex10.pfb></usr/local/texlive/2022/texmf-dist/fonts/type1/public/lm/lmmi10.
pfb></usr/local/texlive/2022/texmf-dist/fonts/type1/public/lm/lmmi7.pfb></usr/l
ocal/texlive/2022/texmf-dist/fonts/type1/public/lm/lmr10.pfb></usr/local/texliv
e/2022/texmf-dist/fonts/type1/public/lm/lmr7.pfb></usr/local/texlive/2022/texmf
-dist/fonts/type1/public/lm/lmsy10.pfb></usr/local/texlive/2022/texmf-dist/font
s/type1/public/lm/lmsy5.pfb></usr/local/texlive/2022/texmf-dist/fonts/type1/pub
lic/lm/lmsy7.pfb></usr/local/texlive/2022/texmf-dist/fonts/type1/public/lm/lmtk
10.pfb></usr/local/texlive/2022/texmf-dist/fonts/type1/public/lm/lmtko10.pfb></
usr/local/texlive/2022/texmf-dist/fonts/type1/public/lm/lmtt10.pfb></usr/local/
texlive/2022/texmf-dist/fonts/type1/public/lm/lmtti10.pfb></usr/local/texlive/2
022/texmf-dist/fonts/type1/public/amsfonts/symbols/msbm10.pfb>
Output written on _main.pdf (91 pages, 11042902 bytes).
PDF statistics:
 1261 PDF objects out of 1440 (max. 8388607)
 938 compressed objects within 10 object streams
 200 named destinations out of 1000 (max. 500000)
 66103 words of extra memory for PDF output out of 74296 (max. 10000000)

